{"type":"operationStart","subtype":"profile","data":{"_id":"Xx5tvRhlw2Ywvu8R","timestamp":"2024-04-25T07:14:21.942Z","state":"queued","mode":"standard","creationDate":"2024-04-25T07:14:21.943Z","modificationDate":"2024-04-25T07:14:21.943Z","shortid":"rFE_axV","$entitySet":"profiles"},"doDiffs":false,"timestamp":1714029261942,"id":"rnhw6i180ul7034","previousOperationId":null,"operationId":"cg7rg3i83ngc5pz"}
{"type":"log","level":"info","message":"Render request 9 queued for execution and waiting for available worker","previousOperationId":"cg7rg3i83ngc5pz","timestamp":1714029261942,"id":"1dg5jp2txa2o0e4"}
{"type":"operationStart","subtype":"render","name":"sales-main","previousOperationId":"cg7rg3i83ngc5pz","timestamp":1714029261948,"id":"w41f6opck6kzjiz","previousEventId":"rnhw6i180ul7034","operationId":"9ba8szcl2au4bx2"}
{"type":"log","timestamp":1714029261948,"level":"info","message":"Starting rendering request 9","meta":{"rootId":"ku44w0d97rn5va4","id":"ku44w0d97rn5va4"},"id":"9757rbisa9ozez2","previousOperationId":"9ba8szcl2au4bx2"}
{"type":"log","timestamp":1714029261948,"level":"info","message":"Rendering template { name: sales-main, recipe: html-to-xlsx, engine: handlebars, preview: true }","meta":{"rootId":"ku44w0d97rn5va4","id":"ku44w0d97rn5va4"},"id":"0odprbfllr882nz","previousOperationId":"9ba8szcl2au4bx2"}
{"type":"log","timestamp":1714029261950,"level":"debug","message":"Adding sample data B1lSTrt6NB","meta":{"rootId":"ku44w0d97rn5va4","id":"ku44w0d97rn5va4"},"id":"jvcc60vp1mtvepq","previousOperationId":"9ba8szcl2au4bx2"}
{"type":"log","timestamp":1714029261952,"level":"debug","message":"Base url not specified, skipping its injection.","meta":{"rootId":"ku44w0d97rn5va4","id":"ku44w0d97rn5va4"},"id":"cb31nxgsq0ugy8l","previousOperationId":"9ba8szcl2au4bx2"}
{"type":"operationStart","subtype":"engine","name":"handlebars","timestamp":1714029261952,"id":"azed5pvzx9oax0f","previousEventId":"w41f6opck6kzjiz","operationId":"j4i2gtpumdbvndj","previousOperationId":"9ba8szcl2au4bx2"}
{"type":"log","timestamp":1714029261952,"level":"debug","message":"Rendering engine handlebars","meta":{"rootId":"ku44w0d97rn5va4","id":"ku44w0d97rn5va4"},"id":"3avt2werz5tvlv1","previousOperationId":"j4i2gtpumdbvndj"}
{"type":"operationEnd","operationId":"j4i2gtpumdbvndj","timestamp":1714029261991,"id":"med3bnagipxnfoi","previousEventId":"azed5pvzx9oax0f","previousOperationId":"j4i2gtpumdbvndj"}
{"type":"operationStart","subtype":"recipe","name":"html-to-xlsx","timestamp":1714029261991,"id":"oqdlrjkqbdhx5nv","previousEventId":"med3bnagipxnfoi","operationId":"8vkqqxwts5r6wk3","previousOperationId":"j4i2gtpumdbvndj"}
{"type":"log","timestamp":1714029261991,"level":"debug","message":"Executing recipe html-to-xlsx","meta":{"rootId":"ku44w0d97rn5va4","id":"ku44w0d97rn5va4"},"id":"415e2z2ht4se7qi","previousOperationId":"8vkqqxwts5r6wk3"}
{"type":"log","timestamp":1714029262261,"level":"info","message":"html-to-xlsx generation is starting","meta":{"rootId":"ku44w0d97rn5va4","id":"ku44w0d97rn5va4"},"id":"0z51shtj6ra8hl9","previousOperationId":"8vkqqxwts5r6wk3"}
{"type":"log","timestamp":1714029262876,"level":"info","message":"html-to-xlsx generation was finished","meta":{"rootId":"ku44w0d97rn5va4","id":"ku44w0d97rn5va4"},"id":"3jk8m5tdk2wr2ng","previousOperationId":"8vkqqxwts5r6wk3"}
{"type":"log","timestamp":1714029262895,"level":"debug","message":"preparing office preview","meta":{"rootId":"ku44w0d97rn5va4","id":"ku44w0d97rn5va4"},"id":"a2a3w3cbsp5tpxl","previousOperationId":"8vkqqxwts5r6wk3"}
{"type":"operationEnd","operationId":"8vkqqxwts5r6wk3","timestamp":1714029263726,"id":"wisw1dpwwq931af","previousEventId":"oqdlrjkqbdhx5nv","previousOperationId":"8vkqqxwts5r6wk3"}
{"type":"log","timestamp":1714029263726,"level":"debug","message":"Skipping storing report.","meta":{"rootId":"ku44w0d97rn5va4","id":"ku44w0d97rn5va4"},"id":"v42a7m54i694a9w","previousOperationId":"8vkqqxwts5r6wk3"}
{"type":"log","timestamp":1714029263726,"level":"info","message":"Rendering request 9 finished in 1784 ms","meta":{"rootId":"ku44w0d97rn5va4","id":"ku44w0d97rn5va4"},"id":"b2e8giulacj9qm6","previousOperationId":"8vkqqxwts5r6wk3"}
{"type":"operationEnd","subtype":"render","operationId":"9ba8szcl2au4bx2","timestamp":1714029263726,"id":"b27ioehbutv5vb6","previousEventId":"wisw1dpwwq931af","previousOperationId":"8vkqqxwts5r6wk3"}
{"type":"operationEnd","doDiffs":false,"previousEventId":"rnhw6i180ul7034","previousOperationId":"cg7rg3i83ngc5pz","operationId":"cg7rg3i83ngc5pz","timestamp":1714029263728,"id":"2igcm6dkm1j2zn4"}
