{"type":"operationStart","subtype":"profile","data":{"_id":"CY931zeZv7O0PxZG","timestamp":"2024-04-25T07:13:35.487Z","state":"queued","mode":"standard","creationDate":"2024-04-25T07:13:35.488Z","modificationDate":"2024-04-25T07:13:35.488Z","shortid":"VOlTSpA","$entitySet":"profiles"},"doDiffs":false,"timestamp":1714029215488,"id":"ips2qp4iu69rv2i","previousOperationId":null,"operationId":"0bq8k44rfg5ndlj"}
{"type":"log","level":"info","message":"Render request 8 queued for execution and waiting for available worker","previousOperationId":"0bq8k44rfg5ndlj","timestamp":1714029215488,"id":"r62q5396gzc0u0o"}
{"type":"operationStart","subtype":"render","name":"orders-main","previousOperationId":"0bq8k44rfg5ndlj","timestamp":1714029215493,"id":"dawz1hyp0y0sa4h","previousEventId":"ips2qp4iu69rv2i","operationId":"wcbz35kf17znpjr"}
{"type":"log","timestamp":1714029215493,"level":"info","message":"Starting rendering request 8","meta":{"rootId":"pz905c038mn7ev3","id":"pz905c038mn7ev3"},"id":"0ml4nbrz65oeo56","previousOperationId":"wcbz35kf17znpjr"}
{"type":"log","timestamp":1714029215493,"level":"info","message":"Rendering template { name: orders-main, recipe: chrome-pdf, engine: handlebars, preview: true }","meta":{"rootId":"pz905c038mn7ev3","id":"pz905c038mn7ev3"},"id":"h0notk744r63nf9","previousOperationId":"wcbz35kf17znpjr"}
{"type":"log","timestamp":1714029215493,"level":"debug","message":"Data item not defined for this template.","meta":{"rootId":"pz905c038mn7ev3","id":"pz905c038mn7ev3"},"id":"u86fsidg3pglu2c","previousOperationId":"wcbz35kf17znpjr"}
{"type":"log","timestamp":1714029215496,"level":"debug","message":"Executing script orders-script (beforeRender)","meta":{"rootId":"pz905c038mn7ev3","id":"pz905c038mn7ev3"},"id":"idy4fe45p9dzaxs","previousOperationId":"wcbz35kf17znpjr"}
{"type":"operationStart","subtype":"scriptsBeforeRender","name":"scripts beforeRender","timestamp":1714029215516,"id":"gtzerr4rx7du70f","previousEventId":"dawz1hyp0y0sa4h","operationId":"wltbezkqv4915dq","previousOperationId":"wcbz35kf17znpjr"}
{"type":"operationStart","subtype":"script","name":"scripts orders-script","previousOperationId":"wltbezkqv4915dq","timestamp":1714029215516,"id":"xa06mp3wg0xgky0","previousEventId":"gtzerr4rx7du70f","operationId":"6f7772moylotnt2"}
{"type":"operationEnd","operationId":"6f7772moylotnt2","timestamp":1714029217961,"id":"3eo9zmtw74cxdkb","previousEventId":"dawz1hyp0y0sa4h","previousOperationId":"wcbz35kf17znpjr"}
{"type":"operationEnd","operationId":"wltbezkqv4915dq","timestamp":1714029217961,"id":"meglsq7ilocswa2","previousEventId":"3eo9zmtw74cxdkb","previousOperationId":"wcbz35kf17znpjr"}
{"type":"log","timestamp":1714029217961,"level":"debug","message":"Base url not specified, skipping its injection.","meta":{"rootId":"pz905c038mn7ev3","id":"pz905c038mn7ev3"},"id":"kv9k1h7uc6dl2kw","previousOperationId":"wltbezkqv4915dq"}
{"type":"operationStart","subtype":"engine","name":"handlebars","timestamp":1714029217961,"id":"aox7wc51ahlzw4i","previousEventId":"meglsq7ilocswa2","operationId":"ppcqmuuyjdt3e6j","previousOperationId":"wltbezkqv4915dq"}
{"type":"log","timestamp":1714029217961,"level":"debug","message":"Rendering engine handlebars","meta":{"rootId":"pz905c038mn7ev3","id":"pz905c038mn7ev3"},"id":"ztzlt0mycy2pqw9","previousOperationId":"ppcqmuuyjdt3e6j"}
{"type":"log","timestamp":1714029217977,"level":"debug","message":"(console:log) Pdf utils adding group field, value: \"France\"","meta":{"userLevel":true,"rootId":"pz905c038mn7ev3","id":"pz905c038mn7ev3"},"id":"9k1gmdkqbz7kei3","previousOperationId":"ppcqmuuyjdt3e6j"}
{"type":"log","timestamp":1714029217981,"level":"debug","message":"(console:log) Pdf utils adding group field, value: \"Germany\"","meta":{"userLevel":true,"rootId":"pz905c038mn7ev3","id":"pz905c038mn7ev3"},"id":"brckwg9yop2lgr8","previousOperationId":"ppcqmuuyjdt3e6j"}
{"type":"operationEnd","operationId":"ppcqmuuyjdt3e6j","timestamp":1714029217981,"id":"nrgeikrd0edmq27","previousEventId":"aox7wc51ahlzw4i","previousOperationId":"ppcqmuuyjdt3e6j"}
{"type":"operationStart","subtype":"recipe","name":"chrome-pdf","timestamp":1714029217981,"id":"0jrflndyel86l8a","previousEventId":"nrgeikrd0edmq27","operationId":"s7c2cdujwadf6af","previousOperationId":"ppcqmuuyjdt3e6j"}
{"type":"log","timestamp":1714029217981,"level":"debug","message":"Executing recipe chrome-pdf","meta":{"rootId":"pz905c038mn7ev3","id":"pz905c038mn7ev3"},"id":"b8hbdopugw31xd5","previousOperationId":"s7c2cdujwadf6af"}
{"type":"log","timestamp":1714029217983,"level":"debug","message":"Converting with chrome Chrome/122.0.6261.111 using chrome-pool strategy","meta":{"rootId":"pz905c038mn7ev3","id":"pz905c038mn7ev3"},"id":"rclf0z4mak0uwgn","previousOperationId":"s7c2cdujwadf6af"}
{"type":"log","timestamp":1714029218018,"level":"debug","message":"Page request: GET (document) file:///tmp/jsreport/autocleanup/e5e85434-2fa9-45a2-9b83-8ebb870d539f-chrome-pdf.html","meta":{"rootId":"pz905c038mn7ev3","id":"pz905c038mn7ev3"},"id":"t3cfd5xxquew31b","previousOperationId":"s7c2cdujwadf6af"}
{"type":"log","timestamp":1714029218026,"level":"debug","message":"Page request finished: GET (document) 200 file:///tmp/jsreport/autocleanup/e5e85434-2fa9-45a2-9b83-8ebb870d539f-chrome-pdf.html","meta":{"rootId":"pz905c038mn7ev3","id":"pz905c038mn7ev3"},"id":"hagyrgnz8c7sov2","previousOperationId":"s7c2cdujwadf6af"}
{"type":"log","timestamp":1714029218026,"level":"debug","message":"Page request: GET (stylesheet) https://cdnjs.cloudflare.com/ajax/libs/metro/4.1.5/css/metro.min.css","meta":{"rootId":"pz905c038mn7ev3","id":"pz905c038mn7ev3"},"id":"kt26t6ibdt9gd1q","previousOperationId":"s7c2cdujwadf6af"}
{"type":"log","timestamp":1714029218026,"level":"debug","message":"Page request: GET (script) https://cdnjs.cloudflare.com/ajax/libs/Chart.js/2.7.2/Chart.min.js","meta":{"rootId":"pz905c038mn7ev3","id":"pz905c038mn7ev3"},"id":"qmr4uqd7ph8qh81","previousOperationId":"s7c2cdujwadf6af"}
{"type":"log","timestamp":1714029218171,"level":"debug","message":"Page request finished: GET (stylesheet) 200 https://cdnjs.cloudflare.com/ajax/libs/metro/4.1.5/css/metro.min.css","meta":{"rootId":"pz905c038mn7ev3","id":"pz905c038mn7ev3"},"id":"8q2q7up9ca9tch0","previousOperationId":"s7c2cdujwadf6af"}
{"type":"log","timestamp":1714029218191,"level":"debug","message":"Page request finished: GET (script) 200 https://cdnjs.cloudflare.com/ajax/libs/Chart.js/2.7.2/Chart.min.js","meta":{"rootId":"pz905c038mn7ev3","id":"pz905c038mn7ev3"},"id":"pfbdpex4mmqaugu","previousOperationId":"s7c2cdujwadf6af"}
{"type":"log","timestamp":1714029218264,"level":"debug","message":"Running chrome with params {\"printBackground\":true,\"marginTop\":\"4cm\",\"marginRight\":\"1.5cm\",\"marginBottom\":\"1.5cm\",\"marginLeft\":\"1.5cm\",\"waitForJS\":false,\"timeout\":57503,\"margin\":{\"top\":\"4cm\",\"right\":\"1.5cm\",\"bottom\":\"1.5cm\",\"left\":\"1.5cm\"}}","meta":{"rootId":"pz905c038mn7ev3","id":"pz905c038mn7ev3"},"id":"wlrepwv8qvtzgne","previousOperationId":"s7c2cdujwadf6af"}
{"type":"operationEnd","operationId":"s7c2cdujwadf6af","timestamp":1714029218384,"id":"2s0zgwzs4i9vp4u","previousEventId":"0jrflndyel86l8a","previousOperationId":"s7c2cdujwadf6af"}
{"type":"log","timestamp":1714029218384,"level":"info","message":"pdf-utils is starting pdf processing","meta":{"rootId":"pz905c038mn7ev3","id":"pz905c038mn7ev3"},"id":"te0l86z1vwdhp8o","previousOperationId":"s7c2cdujwadf6af"}
{"type":"operationStart","subtype":"pdfUtils","name":"pdf utils","timestamp":1714029218521,"id":"dh3no8r31v2fhta","previousEventId":"2s0zgwzs4i9vp4u","operationId":"o1dox5v3gwrjlxu","previousOperationId":"s7c2cdujwadf6af"}
{"type":"log","timestamp":1714029218521,"level":"debug","message":"pdf-utils detected 1 pdf operation(s) to process","meta":{"rootId":"pz905c038mn7ev3","id":"pz905c038mn7ev3"},"id":"4k58j94xlvnae4h","previousOperationId":"o1dox5v3gwrjlxu"}
{"type":"log","timestamp":1714029218699,"level":"debug","message":"pdf-utils running pdf operation merge","meta":{"rootId":"pz905c038mn7ev3","id":"pz905c038mn7ev3"},"id":"9q84icw6ydcv19c","previousOperationId":"o1dox5v3gwrjlxu"}
{"type":"operationStart","subtype":"pdfUtilsMerge","name":"pdf utils merge","previousOperationId":"o1dox5v3gwrjlxu","timestamp":1714029218699,"id":"5wwnlhtbagbfp9c","previousEventId":"dh3no8r31v2fhta","operationId":"nrugv7p419qaa6w"}
{"type":"operationStart","subtype":"render","name":"orders-header","previousOperationId":"nrugv7p419qaa6w","timestamp":1714029218700,"id":"xf9jn250gdcwzzi","previousEventId":"5wwnlhtbagbfp9c","operationId":"3ko22x06hvs46vt"}
{"type":"log","timestamp":1714029218700,"level":"info","message":"Starting rendering (child) request","meta":{"rootId":"pz905c038mn7ev3","id":"1mk8ogehghppyj1"},"id":"vpu09c4h671xkt7","previousOperationId":"3ko22x06hvs46vt"}
{"type":"log","timestamp":1714029218700,"level":"info","message":"Rendering template { name: orders-header, recipe: chrome-pdf, engine: handlebars, preview: true }","meta":{"rootId":"pz905c038mn7ev3","id":"1mk8ogehghppyj1"},"id":"71ly9bbt9gazhsz","previousOperationId":"3ko22x06hvs46vt"}
{"type":"log","timestamp":1714029218703,"level":"debug","message":"Inline data specified.","meta":{"rootId":"pz905c038mn7ev3","id":"1mk8ogehghppyj1"},"id":"9wokayz35frzawb","previousOperationId":"3ko22x06hvs46vt"}
{"type":"log","timestamp":1714029218705,"level":"debug","message":"Base url not specified, skipping its injection.","meta":{"rootId":"pz905c038mn7ev3","id":"1mk8ogehghppyj1"},"id":"wfqz7otrpm083sz","previousOperationId":"3ko22x06hvs46vt"}
{"type":"operationStart","subtype":"engine","name":"handlebars","timestamp":1714029218705,"id":"f940pyqt0v5sljq","previousEventId":"xf9jn250gdcwzzi","operationId":"ftjksyu2pyfxv8n","previousOperationId":"3ko22x06hvs46vt"}
{"type":"log","timestamp":1714029218705,"level":"debug","message":"Rendering engine handlebars","meta":{"rootId":"pz905c038mn7ev3","id":"1mk8ogehghppyj1"},"id":"yfu4gbx3xg12cef","previousOperationId":"ftjksyu2pyfxv8n"}
{"type":"operationEnd","operationId":"ftjksyu2pyfxv8n","timestamp":1714029218748,"id":"g1l8wwnq31jov33","previousEventId":"f940pyqt0v5sljq","previousOperationId":"ftjksyu2pyfxv8n"}
{"type":"operationStart","subtype":"recipe","name":"chrome-pdf","timestamp":1714029218748,"id":"mvqvyn26gp8j7sk","previousEventId":"g1l8wwnq31jov33","operationId":"c2rsy1roteft1is","previousOperationId":"ftjksyu2pyfxv8n"}
{"type":"log","timestamp":1714029218748,"level":"debug","message":"Executing recipe chrome-pdf","meta":{"rootId":"pz905c038mn7ev3","id":"1mk8ogehghppyj1"},"id":"p9iiwotowv5u801","previousOperationId":"c2rsy1roteft1is"}
{"type":"log","timestamp":1714029218749,"level":"debug","message":"Converting with chrome Chrome/122.0.6261.111 using chrome-pool strategy","meta":{"rootId":"pz905c038mn7ev3","id":"1mk8ogehghppyj1"},"id":"od7c0ron9b5r9xy","previousOperationId":"c2rsy1roteft1is"}
{"type":"log","timestamp":1714029218771,"level":"debug","message":"Page request: GET (document) file:///tmp/jsreport/autocleanup/175cf695-c221-4816-845c-575a522c363c-chrome-pdf.html","meta":{"rootId":"pz905c038mn7ev3","id":"1mk8ogehghppyj1"},"id":"bcc7t1e3utq1f85","previousOperationId":"c2rsy1roteft1is"}
{"type":"log","timestamp":1714029218778,"level":"debug","message":"Page request: GET (stylesheet) https://cdnjs.cloudflare.com/ajax/libs/metro/4.1.5/css/metro.min.css","meta":{"rootId":"pz905c038mn7ev3","id":"1mk8ogehghppyj1"},"id":"y6md51e43sf83qm","previousOperationId":"c2rsy1roteft1is"}
{"type":"log","timestamp":1714029218778,"level":"debug","message":"Page request finished: GET (document) 200 file:///tmp/jsreport/autocleanup/175cf695-c221-4816-845c-575a522c363c-chrome-pdf.html","meta":{"rootId":"pz905c038mn7ev3","id":"1mk8ogehghppyj1"},"id":"6i1w0cg8pq58zwx","previousOperationId":"c2rsy1roteft1is"}
{"type":"log","timestamp":1714029218788,"level":"debug","message":"Page request finished: GET (stylesheet) 200 https://cdnjs.cloudflare.com/ajax/libs/metro/4.1.5/css/metro.min.css","meta":{"rootId":"pz905c038mn7ev3","id":"1mk8ogehghppyj1"},"id":"6hc2pahagskpuwp","previousOperationId":"c2rsy1roteft1is"}
{"type":"log","timestamp":1714029218805,"level":"debug","message":"Running chrome with params {\"printBackground\":true,\"marginTop\":\"1.5cm\",\"marginRight\":\"1.5cm\",\"marginLeft\":\"1.cm\",\"timeout\":56736,\"margin\":{\"top\":\"1.5cm\",\"right\":\"1.5cm\",\"left\":\"1.cm\"}}","meta":{"rootId":"pz905c038mn7ev3","id":"1mk8ogehghppyj1"},"id":"6axv3lwjukcrajx","previousOperationId":"c2rsy1roteft1is"}
{"type":"operationEnd","operationId":"c2rsy1roteft1is","timestamp":1714029218838,"id":"8hltt8sdolmcu0e","previousEventId":"mvqvyn26gp8j7sk","previousOperationId":"c2rsy1roteft1is"}
{"type":"log","timestamp":1714029218838,"level":"debug","message":"Skipping storing report.","meta":{"rootId":"pz905c038mn7ev3","id":"1mk8ogehghppyj1"},"id":"y32oo6zdx86nxp7","previousOperationId":"c2rsy1roteft1is"}
{"type":"log","timestamp":1714029218838,"level":"info","message":"Rendering (child) request finished in 3353 ms","meta":{"rootId":"pz905c038mn7ev3","id":"1mk8ogehghppyj1"},"id":"gci72xxgrsdl9p1","previousOperationId":"c2rsy1roteft1is"}
{"type":"operationEnd","subtype":"render","operationId":"3ko22x06hvs46vt","timestamp":1714029218839,"id":"tka4w3a7ln0xbyb","previousEventId":"8hltt8sdolmcu0e","previousOperationId":"c2rsy1roteft1is"}
{"type":"operationEnd","operationId":"nrugv7p419qaa6w","timestamp":1714029218858,"id":"knybt0jzq19otpv","previousEventId":"5wwnlhtbagbfp9c","previousOperationId":"nrugv7p419qaa6w"}
{"type":"log","timestamp":1714029218858,"level":"debug","message":"pdf-utils postprocess start","meta":{"rootId":"pz905c038mn7ev3","id":"pz905c038mn7ev3"},"id":"n9lemk5b5g5jjjn","previousOperationId":"nrugv7p419qaa6w"}
{"type":"log","timestamp":1714029218880,"level":"debug","message":"pdf-utils postprocess end","meta":{"rootId":"pz905c038mn7ev3","id":"pz905c038mn7ev3"},"id":"3qyqfibeav0ba9f","previousOperationId":"nrugv7p419qaa6w"}
{"type":"operationEnd","operationId":"o1dox5v3gwrjlxu","timestamp":1714029218880,"id":"t8nwf3hog6ko28o","previousEventId":"knybt0jzq19otpv","previousOperationId":"nrugv7p419qaa6w"}
{"type":"log","timestamp":1714029218880,"level":"info","message":"pdf-utils pdf processing was finished","meta":{"rootId":"pz905c038mn7ev3","id":"pz905c038mn7ev3"},"id":"nc0yzqu5bqdyrdp","previousOperationId":"o1dox5v3gwrjlxu"}
{"type":"log","timestamp":1714029218881,"level":"debug","message":"Skipping storing report.","meta":{"rootId":"pz905c038mn7ev3","id":"pz905c038mn7ev3"},"id":"tpl4ocos1ut5owq","previousOperationId":"o1dox5v3gwrjlxu"}
{"type":"log","timestamp":1714029218881,"level":"info","message":"Rendering request 8 finished in 3396 ms","meta":{"rootId":"pz905c038mn7ev3","id":"pz905c038mn7ev3"},"id":"kr6ganw5lsa8972","previousOperationId":"o1dox5v3gwrjlxu"}
{"type":"operationEnd","subtype":"render","operationId":"wcbz35kf17znpjr","timestamp":1714029218881,"id":"esb2a2qk03t3jqf","previousEventId":"t8nwf3hog6ko28o","previousOperationId":"o1dox5v3gwrjlxu"}
{"type":"operationEnd","doDiffs":false,"previousEventId":"ips2qp4iu69rv2i","previousOperationId":"0bq8k44rfg5ndlj","operationId":"0bq8k44rfg5ndlj","timestamp":1714029218884,"id":"dswqwdaybzvo0xc"}
