{"type":"operationStart","subtype":"profile","data":{"_id":"YrbrnANqnhbyuu8p","timestamp":"2024-04-25T07:05:11.365Z","state":"queued","mode":"standard","creationDate":"2024-04-25T07:05:11.366Z","modificationDate":"2024-04-25T07:05:11.366Z","shortid":"vNlLXq9","$entitySet":"profiles"},"doDiffs":false,"timestamp":1714028711366,"id":"zn33vrryahm9e4p","previousOperationId":null,"operationId":"69mz7g45v3qgi27"}
{"type":"log","level":"info","message":"Render request 5 queued for execution and waiting for available worker","previousOperationId":"69mz7g45v3qgi27","timestamp":1714028711366,"id":"np1y3821go7ia22"}
{"type":"operationStart","subtype":"render","name":"demo-report","previousOperationId":"69mz7g45v3qgi27","timestamp":1714028711371,"id":"1ho4nafc355b53u","previousEventId":"zn33vrryahm9e4p","operationId":"wcybvh2dfd8rlgn"}
{"type":"log","timestamp":1714028711371,"level":"info","message":"Starting rendering request 5","meta":{"rootId":"1jvyw55i28865i0","id":"1jvyw55i28865i0"},"id":"gj24v828w6czl6g","previousOperationId":"wcybvh2dfd8rlgn"}
{"type":"log","timestamp":1714028711371,"level":"info","message":"Rendering template { name: demo-report, recipe: chrome-pdf, engine: handlebars, preview: true }","meta":{"rootId":"1jvyw55i28865i0","id":"1jvyw55i28865i0"},"id":"cjxk2x9chuequu5","previousOperationId":"wcybvh2dfd8rlgn"}
{"type":"log","timestamp":1714028711371,"level":"debug","message":"Inline data specified.","meta":{"rootId":"1jvyw55i28865i0","id":"1jvyw55i28865i0"},"id":"lh9r4oxuz0gsotv","previousOperationId":"wcybvh2dfd8rlgn"}
{"type":"log","timestamp":1714028711372,"level":"debug","message":"Base url not specified, skipping its injection.","meta":{"rootId":"1jvyw55i28865i0","id":"1jvyw55i28865i0"},"id":"cgmormy9pjixq9x","previousOperationId":"wcybvh2dfd8rlgn"}
{"type":"operationStart","subtype":"engine","name":"handlebars","timestamp":1714028711373,"id":"tvcj1le1c30okci","previousEventId":"1ho4nafc355b53u","operationId":"be4nvrxdba8vy16","previousOperationId":"wcybvh2dfd8rlgn"}
{"type":"log","timestamp":1714028711373,"level":"debug","message":"Rendering engine handlebars","meta":{"rootId":"1jvyw55i28865i0","id":"1jvyw55i28865i0"},"id":"9y6c5bl467oqryl","previousOperationId":"be4nvrxdba8vy16"}
{"type":"operationEnd","operationId":"be4nvrxdba8vy16","timestamp":1714028711385,"id":"v06gh78g0flyoay","previousEventId":"tvcj1le1c30okci","previousOperationId":"be4nvrxdba8vy16"}
{"type":"operationStart","subtype":"recipe","name":"chrome-pdf","timestamp":1714028711385,"id":"0b2rc2duj8xeatb","previousEventId":"v06gh78g0flyoay","operationId":"dp4bgrm2m2aq82b","previousOperationId":"be4nvrxdba8vy16"}
{"type":"log","timestamp":1714028711385,"level":"debug","message":"Executing recipe chrome-pdf","meta":{"rootId":"1jvyw55i28865i0","id":"1jvyw55i28865i0"},"id":"pfig26z7smax2tc","previousOperationId":"dp4bgrm2m2aq82b"}
{"type":"log","timestamp":1714028711386,"level":"debug","message":"Converting with chrome Chrome/122.0.6261.111 using chrome-pool strategy","meta":{"rootId":"1jvyw55i28865i0","id":"1jvyw55i28865i0"},"id":"yw37nptwwx7w047","previousOperationId":"dp4bgrm2m2aq82b"}
{"type":"log","timestamp":1714028711412,"level":"debug","message":"Page request: GET (document) file:///tmp/jsreport/autocleanup/b17270af-7c0b-4ee3-be0d-782ab2b47202-chrome-pdf.html","meta":{"rootId":"1jvyw55i28865i0","id":"1jvyw55i28865i0"},"id":"iw76m4vskg39i25","previousOperationId":"dp4bgrm2m2aq82b"}
{"type":"log","timestamp":1714028711421,"level":"debug","message":"Page request finished: GET (document) 200 file:///tmp/jsreport/autocleanup/b17270af-7c0b-4ee3-be0d-782ab2b47202-chrome-pdf.html","meta":{"rootId":"1jvyw55i28865i0","id":"1jvyw55i28865i0"},"id":"ccxjt5ptoep882c","previousOperationId":"dp4bgrm2m2aq82b"}
{"type":"log","timestamp":1714028711422,"level":"debug","message":"Running chrome with params {\"printBackground\":true,\"timeout\":59980,\"margin\":{}}","meta":{"rootId":"1jvyw55i28865i0","id":"1jvyw55i28865i0"},"id":"7vxp2e4t663rrok","previousOperationId":"dp4bgrm2m2aq82b"}
{"type":"operationEnd","operationId":"dp4bgrm2m2aq82b","timestamp":1714028711450,"id":"jodcqt3jo547et0","previousEventId":"0b2rc2duj8xeatb","previousOperationId":"dp4bgrm2m2aq82b"}
{"type":"log","timestamp":1714028711450,"level":"debug","message":"Skipping storing report.","meta":{"rootId":"1jvyw55i28865i0","id":"1jvyw55i28865i0"},"id":"l8pe8fa9dndwttf","previousOperationId":"dp4bgrm2m2aq82b"}
{"type":"log","timestamp":1714028711450,"level":"info","message":"Rendering request 5 finished in 85 ms","meta":{"rootId":"1jvyw55i28865i0","id":"1jvyw55i28865i0"},"id":"s5ix85o9tz1i3jb","previousOperationId":"dp4bgrm2m2aq82b"}
{"type":"operationEnd","subtype":"render","operationId":"wcybvh2dfd8rlgn","timestamp":1714028711450,"id":"hiq63hdigm9jx1f","previousEventId":"jodcqt3jo547et0","previousOperationId":"dp4bgrm2m2aq82b"}
{"type":"operationEnd","doDiffs":false,"previousEventId":"zn33vrryahm9e4p","previousOperationId":"69mz7g45v3qgi27","operationId":"69mz7g45v3qgi27","timestamp":1714028711455,"id":"sq157k4vg86bxxi"}
