{"type":"operationStart","subtype":"profile","data":{"_id":"C8YM4cl6WDYnJzbP","timestamp":"2024-04-25T07:00:25.269Z","state":"queued","mode":"standard","creationDate":"2024-04-25T07:00:25.269Z","modificationDate":"2024-04-25T07:00:25.269Z","shortid":"DUD1hyW","$entitySet":"profiles"},"doDiffs":false,"timestamp":1714028425269,"id":"p4rw3f2hltphqb5","previousOperationId":null,"operationId":"gdhdb1d8uvnrgie"}
{"type":"log","level":"info","message":"Render request 3 queued for execution and waiting for available worker","previousOperationId":"gdhdb1d8uvnrgie","timestamp":1714028425269,"id":"25ssm9c54xgqir8"}
{"type":"operationStart","subtype":"render","name":"demo-report","previousOperationId":"gdhdb1d8uvnrgie","timestamp":1714028425274,"id":"g4p6zsua0emd75m","previousEventId":"p4rw3f2hltphqb5","operationId":"h02zfw2pc4ktyfh"}
{"type":"log","timestamp":1714028425274,"level":"info","message":"Starting rendering request 3","meta":{"rootId":"20kubjfks03qlvy","id":"20kubjfks03qlvy"},"id":"gaj29x537cr2lkz","previousOperationId":"h02zfw2pc4ktyfh"}
{"type":"log","timestamp":1714028425274,"level":"info","message":"Rendering template { name: demo-report, recipe: chrome-pdf, engine: handlebars, preview: true }","meta":{"rootId":"20kubjfks03qlvy","id":"20kubjfks03qlvy"},"id":"buq0cb2e19o5uh9","previousOperationId":"h02zfw2pc4ktyfh"}
{"type":"log","timestamp":1714028425274,"level":"debug","message":"Inline data specified.","meta":{"rootId":"20kubjfks03qlvy","id":"20kubjfks03qlvy"},"id":"guav5adxrjhopb5","previousOperationId":"h02zfw2pc4ktyfh"}
{"type":"log","timestamp":1714028425275,"level":"debug","message":"Base url not specified, skipping its injection.","meta":{"rootId":"20kubjfks03qlvy","id":"20kubjfks03qlvy"},"id":"wdsuie6epzmclag","previousOperationId":"h02zfw2pc4ktyfh"}
{"type":"operationStart","subtype":"engine","name":"handlebars","timestamp":1714028425275,"id":"qls2m7vktky8tqc","previousEventId":"g4p6zsua0emd75m","operationId":"x05w3zlkp4hta7g","previousOperationId":"h02zfw2pc4ktyfh"}
{"type":"log","timestamp":1714028425275,"level":"debug","message":"Rendering engine handlebars","meta":{"rootId":"20kubjfks03qlvy","id":"20kubjfks03qlvy"},"id":"7v8zpjqv625yupv","previousOperationId":"x05w3zlkp4hta7g"}
{"type":"operationEnd","operationId":"x05w3zlkp4hta7g","timestamp":1714028425285,"id":"8jpp4q7h0k8ipze","previousEventId":"qls2m7vktky8tqc","previousOperationId":"x05w3zlkp4hta7g"}
{"type":"operationStart","subtype":"recipe","name":"chrome-pdf","timestamp":1714028425286,"id":"9yijnfsefyf4aec","previousEventId":"8jpp4q7h0k8ipze","operationId":"86b23gsqcejhvw2","previousOperationId":"x05w3zlkp4hta7g"}
{"type":"log","timestamp":1714028425286,"level":"debug","message":"Executing recipe chrome-pdf","meta":{"rootId":"20kubjfks03qlvy","id":"20kubjfks03qlvy"},"id":"cwrcu5k301zodfw","previousOperationId":"86b23gsqcejhvw2"}
{"type":"log","timestamp":1714028425287,"level":"debug","message":"Converting with chrome Chrome/122.0.6261.111 using chrome-pool strategy","meta":{"rootId":"20kubjfks03qlvy","id":"20kubjfks03qlvy"},"id":"rpndfqpl5310l4d","previousOperationId":"86b23gsqcejhvw2"}
{"type":"log","timestamp":1714028425314,"level":"debug","message":"Page request: GET (document) file:///tmp/jsreport/autocleanup/2b3b0765-07c9-41f8-be2a-89d22b4d4915-chrome-pdf.html","meta":{"rootId":"20kubjfks03qlvy","id":"20kubjfks03qlvy"},"id":"ofcw738rju8l7e4","previousOperationId":"86b23gsqcejhvw2"}
{"type":"log","timestamp":1714028425321,"level":"debug","message":"Page request finished: GET (document) 200 file:///tmp/jsreport/autocleanup/2b3b0765-07c9-41f8-be2a-89d22b4d4915-chrome-pdf.html","meta":{"rootId":"20kubjfks03qlvy","id":"20kubjfks03qlvy"},"id":"hx3lizrgh21cwky","previousOperationId":"86b23gsqcejhvw2"}
{"type":"log","timestamp":1714028425326,"level":"debug","message":"Running chrome with params {\"printBackground\":true,\"timeout\":59982,\"margin\":{}}","meta":{"rootId":"20kubjfks03qlvy","id":"20kubjfks03qlvy"},"id":"tvtlo6fiqx2khoq","previousOperationId":"86b23gsqcejhvw2"}
{"type":"operationEnd","operationId":"86b23gsqcejhvw2","timestamp":1714028425358,"id":"e6a0uk9rqia8140","previousEventId":"9yijnfsefyf4aec","previousOperationId":"86b23gsqcejhvw2"}
{"type":"log","timestamp":1714028425358,"level":"debug","message":"Skipping storing report.","meta":{"rootId":"20kubjfks03qlvy","id":"20kubjfks03qlvy"},"id":"be2p7ydnrco3kf1","previousOperationId":"86b23gsqcejhvw2"}
{"type":"log","timestamp":1714028425358,"level":"info","message":"Rendering request 3 finished in 90 ms","meta":{"rootId":"20kubjfks03qlvy","id":"20kubjfks03qlvy"},"id":"i6s8norrs6a9xz4","previousOperationId":"86b23gsqcejhvw2"}
{"type":"operationEnd","subtype":"render","operationId":"h02zfw2pc4ktyfh","timestamp":1714028425358,"id":"qm5jnsvcwmqxkim","previousEventId":"e6a0uk9rqia8140","previousOperationId":"86b23gsqcejhvw2"}
{"type":"operationEnd","doDiffs":false,"previousEventId":"p4rw3f2hltphqb5","previousOperationId":"gdhdb1d8uvnrgie","operationId":"gdhdb1d8uvnrgie","timestamp":1714028425363,"id":"25himj9slvbcxg6"}
