{"type":"operationStart","subtype":"profile","data":{"_id":"O9nSUCADvle1pEAN","timestamp":"2024-04-25T07:08:00.528Z","state":"queued","mode":"standard","creationDate":"2024-04-25T07:08:00.529Z","modificationDate":"2024-04-25T07:08:00.529Z","shortid":"Q-P3EwO","$entitySet":"profiles"},"doDiffs":false,"timestamp":1714028880529,"id":"ygzuim7f16ubgmo","previousOperationId":null,"operationId":"kji2fuacug3ti1r"}
{"type":"log","level":"info","message":"Render request 6 queued for execution and waiting for available worker","previousOperationId":"kji2fuacug3ti1r","timestamp":1714028880529,"id":"2j953k79w5l2ry5"}
{"type":"operationStart","subtype":"render","name":"demo-report","previousOperationId":"kji2fuacug3ti1r","timestamp":1714028880531,"id":"v4smf5uiuf5qe5l","previousEventId":"ygzuim7f16ubgmo","operationId":"0s59vo6bux2mp89"}
{"type":"log","timestamp":1714028880531,"level":"info","message":"Starting rendering request 6","meta":{"rootId":"j0u0svavzx1qgha","id":"j0u0svavzx1qgha"},"id":"g3ayl266fouotsc","previousOperationId":"0s59vo6bux2mp89"}
{"type":"log","timestamp":1714028880531,"level":"info","message":"Rendering template { name: demo-report, recipe: chrome-pdf, engine: handlebars, preview: false }","meta":{"rootId":"j0u0svavzx1qgha","id":"j0u0svavzx1qgha"},"id":"nc7603dfl48hs5r","previousOperationId":"0s59vo6bux2mp89"}
{"type":"log","timestamp":1714028880531,"level":"debug","message":"Inline data specified.","meta":{"rootId":"j0u0svavzx1qgha","id":"j0u0svavzx1qgha"},"id":"otyrdpe3dvy0alg","previousOperationId":"0s59vo6bux2mp89"}
{"type":"log","timestamp":1714028880532,"level":"debug","message":"Base url not specified, skipping its injection.","meta":{"rootId":"j0u0svavzx1qgha","id":"j0u0svavzx1qgha"},"id":"xiwdf7x17b70p1r","previousOperationId":"0s59vo6bux2mp89"}
{"type":"operationStart","subtype":"engine","name":"handlebars","timestamp":1714028880532,"id":"zvcm01kohhqkxg1","previousEventId":"v4smf5uiuf5qe5l","operationId":"pxrpd19pvnnqgln","previousOperationId":"0s59vo6bux2mp89"}
{"type":"log","timestamp":1714028880532,"level":"debug","message":"Rendering engine handlebars","meta":{"rootId":"j0u0svavzx1qgha","id":"j0u0svavzx1qgha"},"id":"xomslsmy78u44dv","previousOperationId":"pxrpd19pvnnqgln"}
{"type":"operationEnd","operationId":"pxrpd19pvnnqgln","timestamp":1714028880540,"id":"gxym5qg0k7ya8oo","previousEventId":"zvcm01kohhqkxg1","previousOperationId":"pxrpd19pvnnqgln"}
{"type":"operationStart","subtype":"recipe","name":"chrome-pdf","timestamp":1714028880540,"id":"jmbzalgcdsjx32a","previousEventId":"gxym5qg0k7ya8oo","operationId":"sbwv43cp3l1spnh","previousOperationId":"pxrpd19pvnnqgln"}
{"type":"log","timestamp":1714028880540,"level":"debug","message":"Executing recipe chrome-pdf","meta":{"rootId":"j0u0svavzx1qgha","id":"j0u0svavzx1qgha"},"id":"1oozugum4jqez17","previousOperationId":"sbwv43cp3l1spnh"}
{"type":"log","timestamp":1714028880541,"level":"debug","message":"Converting with chrome Chrome/122.0.6261.111 using chrome-pool strategy","meta":{"rootId":"j0u0svavzx1qgha","id":"j0u0svavzx1qgha"},"id":"eh2u1atcpwhk0h6","previousOperationId":"sbwv43cp3l1spnh"}
{"type":"log","timestamp":1714028880566,"level":"debug","message":"Page request: GET (document) file:///tmp/jsreport/autocleanup/aa74c166-7a6f-48af-957b-7d1d03298ecd-chrome-pdf.html","meta":{"rootId":"j0u0svavzx1qgha","id":"j0u0svavzx1qgha"},"id":"7u189f2hts7yb7b","previousOperationId":"sbwv43cp3l1spnh"}
{"type":"log","timestamp":1714028880573,"level":"debug","message":"Page request finished: GET (document) 200 file:///tmp/jsreport/autocleanup/aa74c166-7a6f-48af-957b-7d1d03298ecd-chrome-pdf.html","meta":{"rootId":"j0u0svavzx1qgha","id":"j0u0svavzx1qgha"},"id":"llroehja3i2z8lh","previousOperationId":"sbwv43cp3l1spnh"}
{"type":"log","timestamp":1714028880577,"level":"debug","message":"Running chrome with params {\"printBackground\":true,\"timeout\":59988,\"margin\":{}}","meta":{"rootId":"j0u0svavzx1qgha","id":"j0u0svavzx1qgha"},"id":"x2dpezl8fk53joi","previousOperationId":"sbwv43cp3l1spnh"}
{"type":"operationEnd","operationId":"sbwv43cp3l1spnh","timestamp":1714028880603,"id":"khr9vgz6exjpfds","previousEventId":"jmbzalgcdsjx32a","previousOperationId":"sbwv43cp3l1spnh"}
{"type":"log","timestamp":1714028880603,"level":"debug","message":"Skipping storing report.","meta":{"rootId":"j0u0svavzx1qgha","id":"j0u0svavzx1qgha"},"id":"wdnzc14qr5dmlzm","previousOperationId":"sbwv43cp3l1spnh"}
{"type":"log","timestamp":1714028880603,"level":"info","message":"Rendering request 6 finished in 75 ms","meta":{"rootId":"j0u0svavzx1qgha","id":"j0u0svavzx1qgha"},"id":"wgflpas4hr4qxw4","previousOperationId":"sbwv43cp3l1spnh"}
{"type":"operationEnd","subtype":"render","operationId":"0s59vo6bux2mp89","timestamp":1714028880603,"id":"f2j0qjh284s435l","previousEventId":"khr9vgz6exjpfds","previousOperationId":"sbwv43cp3l1spnh"}
{"type":"operationEnd","doDiffs":false,"previousEventId":"ygzuim7f16ubgmo","previousOperationId":"kji2fuacug3ti1r","operationId":"kji2fuacug3ti1r","timestamp":1714028880605,"id":"xhwal1sv6owvlbb"}
