{"type":"operationStart","subtype":"profile","data":{"_id":"1ZYDJTI3GdXgfFN4","timestamp":"2024-04-25T07:01:38.150Z","state":"queued","mode":"standard","creationDate":"2024-04-25T07:01:38.151Z","modificationDate":"2024-04-25T07:01:38.151Z","shortid":"UZmGjj7","$entitySet":"profiles"},"doDiffs":false,"timestamp":1714028498151,"id":"0vro9pt9h0wb4ec","previousOperationId":null,"operationId":"56uog1wwfpu3mr8"}
{"type":"log","level":"info","message":"Render request 4 queued for execution and waiting for available worker","previousOperationId":"56uog1wwfpu3mr8","timestamp":1714028498151,"id":"yse69x9z81g0e5c"}
{"type":"operationStart","subtype":"render","name":"demo-report","previousOperationId":"56uog1wwfpu3mr8","timestamp":1714028498155,"id":"mdvq2jnclplm44d","previousEventId":"0vro9pt9h0wb4ec","operationId":"j6j37uznswf4a7u"}
{"type":"log","timestamp":1714028498155,"level":"info","message":"Starting rendering request 4","meta":{"rootId":"sqbk2fb5pbr8l8l","id":"sqbk2fb5pbr8l8l"},"id":"qvcw8k65ii7rv52","previousOperationId":"j6j37uznswf4a7u"}
{"type":"log","timestamp":1714028498155,"level":"info","message":"Rendering template { name: demo-report, recipe: chrome-pdf, engine: handlebars, preview: true }","meta":{"rootId":"sqbk2fb5pbr8l8l","id":"sqbk2fb5pbr8l8l"},"id":"bdtauifsuo9rekp","previousOperationId":"j6j37uznswf4a7u"}
{"type":"log","timestamp":1714028498155,"level":"debug","message":"Inline data specified.","meta":{"rootId":"sqbk2fb5pbr8l8l","id":"sqbk2fb5pbr8l8l"},"id":"idy7c3r7qe7ocly","previousOperationId":"j6j37uznswf4a7u"}
{"type":"log","timestamp":1714028498156,"level":"debug","message":"Base url not specified, skipping its injection.","meta":{"rootId":"sqbk2fb5pbr8l8l","id":"sqbk2fb5pbr8l8l"},"id":"uiivjml8ucrapbb","previousOperationId":"j6j37uznswf4a7u"}
{"type":"operationStart","subtype":"engine","name":"handlebars","timestamp":1714028498156,"id":"dk6czivsiey3fqn","previousEventId":"mdvq2jnclplm44d","operationId":"8vwnyagyl95mbik","previousOperationId":"j6j37uznswf4a7u"}
{"type":"log","timestamp":1714028498156,"level":"debug","message":"Rendering engine handlebars","meta":{"rootId":"sqbk2fb5pbr8l8l","id":"sqbk2fb5pbr8l8l"},"id":"gibsig8wh5fqihk","previousOperationId":"8vwnyagyl95mbik"}
{"type":"operationEnd","operationId":"8vwnyagyl95mbik","timestamp":1714028498168,"id":"tay4wtvkd4pdx6h","previousEventId":"dk6czivsiey3fqn","previousOperationId":"8vwnyagyl95mbik"}
{"type":"operationStart","subtype":"recipe","name":"chrome-pdf","timestamp":1714028498168,"id":"6aolfv7djnyvm2f","previousEventId":"tay4wtvkd4pdx6h","operationId":"q2eudanwvpycf6y","previousOperationId":"8vwnyagyl95mbik"}
{"type":"log","timestamp":1714028498168,"level":"debug","message":"Executing recipe chrome-pdf","meta":{"rootId":"sqbk2fb5pbr8l8l","id":"sqbk2fb5pbr8l8l"},"id":"9kcvoq4vrabl6t1","previousOperationId":"q2eudanwvpycf6y"}
{"type":"log","timestamp":1714028498169,"level":"debug","message":"Converting with chrome Chrome/122.0.6261.111 using chrome-pool strategy","meta":{"rootId":"sqbk2fb5pbr8l8l","id":"sqbk2fb5pbr8l8l"},"id":"mpek2dkxhhz3h3r","previousOperationId":"q2eudanwvpycf6y"}
{"type":"log","timestamp":1714028498205,"level":"debug","message":"Page request: GET (document) file:///tmp/jsreport/autocleanup/27d58f3c-3997-4568-afb7-154b62d384e3-chrome-pdf.html","meta":{"rootId":"sqbk2fb5pbr8l8l","id":"sqbk2fb5pbr8l8l"},"id":"pc37lr3glyvvgf1","previousOperationId":"q2eudanwvpycf6y"}
{"type":"log","timestamp":1714028498215,"level":"debug","message":"Page request finished: GET (document) 200 file:///tmp/jsreport/autocleanup/27d58f3c-3997-4568-afb7-154b62d384e3-chrome-pdf.html","meta":{"rootId":"sqbk2fb5pbr8l8l","id":"sqbk2fb5pbr8l8l"},"id":"79rnkq9l3hwe4bn","previousOperationId":"q2eudanwvpycf6y"}
{"type":"log","timestamp":1714028498224,"level":"debug","message":"Running chrome with params {\"printBackground\":true,\"timeout\":59982,\"margin\":{}}","meta":{"rootId":"sqbk2fb5pbr8l8l","id":"sqbk2fb5pbr8l8l"},"id":"8l3ofldoqj511s9","previousOperationId":"q2eudanwvpycf6y"}
{"type":"operationEnd","operationId":"q2eudanwvpycf6y","timestamp":1714028498259,"id":"tmbp9oqm3maulc0","previousEventId":"6aolfv7djnyvm2f","previousOperationId":"q2eudanwvpycf6y"}
{"type":"log","timestamp":1714028498259,"level":"debug","message":"Skipping storing report.","meta":{"rootId":"sqbk2fb5pbr8l8l","id":"sqbk2fb5pbr8l8l"},"id":"a1h4jafe00ejyzw","previousOperationId":"q2eudanwvpycf6y"}
{"type":"log","timestamp":1714028498259,"level":"info","message":"Rendering request 4 finished in 109 ms","meta":{"rootId":"sqbk2fb5pbr8l8l","id":"sqbk2fb5pbr8l8l"},"id":"57yc3g73g9rqivt","previousOperationId":"q2eudanwvpycf6y"}
{"type":"operationEnd","subtype":"render","operationId":"j6j37uznswf4a7u","timestamp":1714028498259,"id":"gn40fvfcwzq9fuf","previousEventId":"tmbp9oqm3maulc0","previousOperationId":"q2eudanwvpycf6y"}
{"type":"operationEnd","doDiffs":false,"previousEventId":"0vro9pt9h0wb4ec","previousOperationId":"56uog1wwfpu3mr8","operationId":"56uog1wwfpu3mr8","timestamp":1714028498263,"id":"4ewkarny1sn9nmd"}
