{"type":"operationStart","subtype":"profile","data":{"_id":"e1GSsXfFF7wwSwKo","timestamp":"2024-04-25T07:08:55.538Z","state":"queued","mode":"standard","creationDate":"2024-04-25T07:08:55.539Z","modificationDate":"2024-04-25T07:08:55.539Z","shortid":"BSVkfxU","$entitySet":"profiles"},"doDiffs":false,"timestamp":1714028935539,"id":"a4yeags8wqc0xxi","previousOperationId":null,"operationId":"f3ny69wjhd622lv"}
{"type":"log","level":"info","message":"Render request 7 queued for execution and waiting for available worker","previousOperationId":"f3ny69wjhd622lv","timestamp":1714028935539,"id":"79mdt8m8ahw9nju"}
{"type":"operationStart","subtype":"render","name":"demo-report","previousOperationId":"f3ny69wjhd622lv","timestamp":1714028935542,"id":"rcad7r5yxmfyoav","previousEventId":"a4yeags8wqc0xxi","operationId":"zjezf1qllc0tecn"}
{"type":"log","timestamp":1714028935542,"level":"info","message":"Starting rendering request 7","meta":{"rootId":"tks1javfkdh0mnz","id":"tks1javfkdh0mnz"},"id":"kwxc7ixb1bdw7e0","previousOperationId":"zjezf1qllc0tecn"}
{"type":"log","timestamp":1714028935542,"level":"info","message":"Rendering template { name: demo-report, recipe: chrome-pdf, engine: handlebars, preview: false }","meta":{"rootId":"tks1javfkdh0mnz","id":"tks1javfkdh0mnz"},"id":"p9jvc8foics6pkk","previousOperationId":"zjezf1qllc0tecn"}
{"type":"log","timestamp":1714028935542,"level":"debug","message":"Inline data specified.","meta":{"rootId":"tks1javfkdh0mnz","id":"tks1javfkdh0mnz"},"id":"994ice4begqfnoe","previousOperationId":"zjezf1qllc0tecn"}
{"type":"log","timestamp":1714028935542,"level":"debug","message":"Base url not specified, skipping its injection.","meta":{"rootId":"tks1javfkdh0mnz","id":"tks1javfkdh0mnz"},"id":"qcqsan9kasm8sr1","previousOperationId":"zjezf1qllc0tecn"}
{"type":"operationStart","subtype":"engine","name":"handlebars","timestamp":1714028935542,"id":"jzjonebvzza0b58","previousEventId":"rcad7r5yxmfyoav","operationId":"zu4msm4j7ak9oca","previousOperationId":"zjezf1qllc0tecn"}
{"type":"log","timestamp":1714028935542,"level":"debug","message":"Rendering engine handlebars","meta":{"rootId":"tks1javfkdh0mnz","id":"tks1javfkdh0mnz"},"id":"pha7vmmlnllps3h","previousOperationId":"zu4msm4j7ak9oca"}
{"type":"operationEnd","operationId":"zu4msm4j7ak9oca","timestamp":1714028935546,"id":"ob006exui7mgoa1","previousEventId":"jzjonebvzza0b58","previousOperationId":"zu4msm4j7ak9oca"}
{"type":"operationStart","subtype":"recipe","name":"chrome-pdf","timestamp":1714028935546,"id":"r7ntciaw1wdpton","previousEventId":"ob006exui7mgoa1","operationId":"2gv4e724ew55lvr","previousOperationId":"zu4msm4j7ak9oca"}
{"type":"log","timestamp":1714028935546,"level":"debug","message":"Executing recipe chrome-pdf","meta":{"rootId":"tks1javfkdh0mnz","id":"tks1javfkdh0mnz"},"id":"689tgddbxmmedo3","previousOperationId":"2gv4e724ew55lvr"}
{"type":"log","timestamp":1714028935547,"level":"debug","message":"Converting with chrome Chrome/122.0.6261.111 using chrome-pool strategy","meta":{"rootId":"tks1javfkdh0mnz","id":"tks1javfkdh0mnz"},"id":"3hx1549btfw468q","previousOperationId":"2gv4e724ew55lvr"}
{"type":"log","timestamp":1714028935567,"level":"debug","message":"Page request: GET (document) file:///tmp/jsreport/autocleanup/b058d044-1d1c-491f-9b65-34c27e7bc6a7-chrome-pdf.html","meta":{"rootId":"tks1javfkdh0mnz","id":"tks1javfkdh0mnz"},"id":"fhxcqxl0g4lhzf1","previousOperationId":"2gv4e724ew55lvr"}
{"type":"log","timestamp":1714028935574,"level":"debug","message":"Page request finished: GET (document) 200 file:///tmp/jsreport/autocleanup/b058d044-1d1c-491f-9b65-34c27e7bc6a7-chrome-pdf.html","meta":{"rootId":"tks1javfkdh0mnz","id":"tks1javfkdh0mnz"},"id":"nu5x2q1ng9wnvb0","previousOperationId":"2gv4e724ew55lvr"}
{"type":"log","timestamp":1714028935577,"level":"debug","message":"Running chrome with params {\"printBackground\":true,\"timeout\":59992,\"margin\":{}}","meta":{"rootId":"tks1javfkdh0mnz","id":"tks1javfkdh0mnz"},"id":"ywbmacdit0shx3l","previousOperationId":"2gv4e724ew55lvr"}
{"type":"operationEnd","operationId":"2gv4e724ew55lvr","timestamp":1714028935603,"id":"k2exbxkoflorujb","previousEventId":"r7ntciaw1wdpton","previousOperationId":"2gv4e724ew55lvr"}
{"type":"log","timestamp":1714028935603,"level":"debug","message":"Skipping storing report.","meta":{"rootId":"tks1javfkdh0mnz","id":"tks1javfkdh0mnz"},"id":"v3rto0l7n8y51qu","previousOperationId":"2gv4e724ew55lvr"}
{"type":"log","timestamp":1714028935604,"level":"info","message":"Rendering request 7 finished in 66 ms","meta":{"rootId":"tks1javfkdh0mnz","id":"tks1javfkdh0mnz"},"id":"t8b5fm9amgswm6c","previousOperationId":"2gv4e724ew55lvr"}
{"type":"operationEnd","subtype":"render","operationId":"zjezf1qllc0tecn","timestamp":1714028935604,"id":"tq5vp6m48fuzrre","previousEventId":"k2exbxkoflorujb","previousOperationId":"2gv4e724ew55lvr"}
{"type":"operationEnd","doDiffs":false,"previousEventId":"a4yeags8wqc0xxi","previousOperationId":"f3ny69wjhd622lv","operationId":"f3ny69wjhd622lv","timestamp":1714028935605,"id":"vvjy2i3c95s425m"}
