{"type":"operationStart","subtype":"profile","data":{"_id":"QiWncnIr2uLvJ1Vn","timestamp":"2024-04-25T07:14:52.905Z","state":"queued","mode":"standard","creationDate":"2024-04-25T07:14:52.906Z","modificationDate":"2024-04-25T07:14:52.906Z","shortid":"USUckzP","$entitySet":"profiles"},"doDiffs":false,"timestamp":1714029292906,"id":"jk1fhppr10spe3u","previousOperationId":null,"operationId":"f6nm9z4u58t3dvg"}
{"type":"log","level":"info","message":"Render request 11 queued for execution and waiting for available worker","previousOperationId":"f6nm9z4u58t3dvg","timestamp":1714029292906,"id":"2kt67huftwkyesi"}
{"type":"operationStart","subtype":"render","name":"demo-report","previousOperationId":"f6nm9z4u58t3dvg","timestamp":1714029292911,"id":"in075orq15zhm9e","previousEventId":"jk1fhppr10spe3u","operationId":"ixv2tlcwcmdwj4j"}
{"type":"log","timestamp":1714029292911,"level":"info","message":"Starting rendering request 11","meta":{"rootId":"v9u8x35386lku7s","id":"v9u8x35386lku7s"},"id":"ixvz8e71ijeg02f","previousOperationId":"ixv2tlcwcmdwj4j"}
{"type":"log","timestamp":1714029292911,"level":"info","message":"Rendering template { name: demo-report, recipe: chrome-pdf, engine: handlebars, preview: true }","meta":{"rootId":"v9u8x35386lku7s","id":"v9u8x35386lku7s"},"id":"tyezydlwrwzs3kj","previousOperationId":"ixv2tlcwcmdwj4j"}
{"type":"log","timestamp":1714029292911,"level":"debug","message":"Inline data specified.","meta":{"rootId":"v9u8x35386lku7s","id":"v9u8x35386lku7s"},"id":"2249zowvk47nhaz","previousOperationId":"ixv2tlcwcmdwj4j"}
{"type":"log","timestamp":1714029292912,"level":"debug","message":"Base url not specified, skipping its injection.","meta":{"rootId":"v9u8x35386lku7s","id":"v9u8x35386lku7s"},"id":"28yq8w9tq1bjq6v","previousOperationId":"ixv2tlcwcmdwj4j"}
{"type":"operationStart","subtype":"engine","name":"handlebars","timestamp":1714029292912,"id":"xw0qlc0hg5nw1es","previousEventId":"in075orq15zhm9e","operationId":"zmn040ql5ccfwqd","previousOperationId":"ixv2tlcwcmdwj4j"}
{"type":"log","timestamp":1714029292912,"level":"debug","message":"Rendering engine handlebars","meta":{"rootId":"v9u8x35386lku7s","id":"v9u8x35386lku7s"},"id":"ytvzht69vr43gq8","previousOperationId":"zmn040ql5ccfwqd"}
{"type":"operationEnd","operationId":"zmn040ql5ccfwqd","timestamp":1714029292917,"id":"f92y6vnr60r13ov","previousEventId":"xw0qlc0hg5nw1es","previousOperationId":"zmn040ql5ccfwqd"}
{"type":"operationStart","subtype":"recipe","name":"chrome-pdf","timestamp":1714029292918,"id":"sa2jjv2bas2uana","previousEventId":"f92y6vnr60r13ov","operationId":"cgb6kbvjg6n4ai7","previousOperationId":"zmn040ql5ccfwqd"}
{"type":"log","timestamp":1714029292918,"level":"debug","message":"Executing recipe chrome-pdf","meta":{"rootId":"v9u8x35386lku7s","id":"v9u8x35386lku7s"},"id":"iiat34fs0urhcv1","previousOperationId":"cgb6kbvjg6n4ai7"}
{"type":"log","timestamp":1714029292919,"level":"debug","message":"Converting with chrome Chrome/122.0.6261.111 using chrome-pool strategy","meta":{"rootId":"v9u8x35386lku7s","id":"v9u8x35386lku7s"},"id":"yba1vmvjo5jvcgn","previousOperationId":"cgb6kbvjg6n4ai7"}
{"type":"log","timestamp":1714029292946,"level":"debug","message":"Page request: GET (document) file:///tmp/jsreport/autocleanup/26985ea0-7d86-468f-8c53-204f64312b1c-chrome-pdf.html","meta":{"rootId":"v9u8x35386lku7s","id":"v9u8x35386lku7s"},"id":"58ev4uymuoilzb0","previousOperationId":"cgb6kbvjg6n4ai7"}
{"type":"log","timestamp":1714029292952,"level":"debug","message":"Page request finished: GET (document) 200 file:///tmp/jsreport/autocleanup/26985ea0-7d86-468f-8c53-204f64312b1c-chrome-pdf.html","meta":{"rootId":"v9u8x35386lku7s","id":"v9u8x35386lku7s"},"id":"vnsvzmgon6stwof","previousOperationId":"cgb6kbvjg6n4ai7"}
{"type":"log","timestamp":1714029292955,"level":"debug","message":"Running chrome with params {\"printBackground\":true,\"timeout\":59987,\"margin\":{}}","meta":{"rootId":"v9u8x35386lku7s","id":"v9u8x35386lku7s"},"id":"4bpy67ys8frcnkb","previousOperationId":"cgb6kbvjg6n4ai7"}
{"type":"operationEnd","operationId":"cgb6kbvjg6n4ai7","timestamp":1714029292987,"id":"k45520i7ysyo7mw","previousEventId":"sa2jjv2bas2uana","previousOperationId":"cgb6kbvjg6n4ai7"}
{"type":"log","timestamp":1714029292987,"level":"debug","message":"Skipping storing report.","meta":{"rootId":"v9u8x35386lku7s","id":"v9u8x35386lku7s"},"id":"nowdvml5yt7lvdk","previousOperationId":"cgb6kbvjg6n4ai7"}
{"type":"log","timestamp":1714029292987,"level":"info","message":"Rendering request 11 finished in 82 ms","meta":{"rootId":"v9u8x35386lku7s","id":"v9u8x35386lku7s"},"id":"8ilfdyw2lsbaryh","previousOperationId":"cgb6kbvjg6n4ai7"}
{"type":"operationEnd","subtype":"render","operationId":"ixv2tlcwcmdwj4j","timestamp":1714029292987,"id":"129zew0dz8t7bup","previousEventId":"k45520i7ysyo7mw","previousOperationId":"cgb6kbvjg6n4ai7"}
{"type":"operationEnd","doDiffs":false,"previousEventId":"jk1fhppr10spe3u","previousOperationId":"f6nm9z4u58t3dvg","operationId":"f6nm9z4u58t3dvg","timestamp":1714029292990,"id":"k5o18uyuxofpgup"}
