{"type":"operationStart","subtype":"profile","data":{"_id":"3iqmpuHjz6pWSaVi","timestamp":"2024-04-25T07:22:55.157Z","state":"queued","mode":"standard","creationDate":"2024-04-25T07:22:55.158Z","modificationDate":"2024-04-25T07:22:55.158Z","shortid":"rqCvxHB","$entitySet":"profiles"},"doDiffs":false,"timestamp":1714029775157,"id":"vays3un52jk27iu","previousOperationId":null,"operationId":"vrzxyoqu7f342l6"}
{"type":"log","level":"info","message":"Render request 14 queued for execution and waiting for available worker","previousOperationId":"vrzxyoqu7f342l6","timestamp":1714029775157,"id":"4l6knm712cn0n0k"}
{"type":"operationStart","subtype":"render","name":"invoice","previousOperationId":"vrzxyoqu7f342l6","timestamp":1714029775161,"id":"5kem3svjn8wlz3d","previousEventId":"vays3un52jk27iu","operationId":"b7cwatzu181gzfq"}
{"type":"log","timestamp":1714029775162,"level":"info","message":"Starting rendering request 14","meta":{"rootId":"7w5bahqzrs0hikm","id":"7w5bahqzrs0hikm"},"id":"yj38nbhiznt54i4","previousOperationId":"b7cwatzu181gzfq"}
{"type":"log","timestamp":1714029775162,"level":"info","message":"Rendering template { name: invoice, recipe: docx, engine: handlebars, preview: false }","meta":{"rootId":"7w5bahqzrs0hikm","id":"7w5bahqzrs0hikm"},"id":"4odxvbtvwu3asbo","previousOperationId":"b7cwatzu181gzfq"}
{"type":"log","timestamp":1714029775162,"level":"debug","message":"Inline data specified.","meta":{"rootId":"7w5bahqzrs0hikm","id":"7w5bahqzrs0hikm"},"id":"7v2peekpk5nmzs4","previousOperationId":"b7cwatzu181gzfq"}
{"type":"log","timestamp":1714029775163,"level":"debug","message":"Base url not specified, skipping its injection.","meta":{"rootId":"7w5bahqzrs0hikm","id":"7w5bahqzrs0hikm"},"id":"mkg2f0tlinenteq","previousOperationId":"b7cwatzu181gzfq"}
{"type":"operationStart","subtype":"engine","name":"handlebars","timestamp":1714029775163,"id":"ckq8c6iktqvvanu","previousEventId":"5kem3svjn8wlz3d","operationId":"l85d4t9retl76if","previousOperationId":"b7cwatzu181gzfq"}
{"type":"log","timestamp":1714029775163,"level":"debug","message":"Rendering engine handlebars","meta":{"rootId":"7w5bahqzrs0hikm","id":"7w5bahqzrs0hikm"},"id":"001tcgue8erjbzr","previousOperationId":"l85d4t9retl76if"}
{"type":"operationEnd","operationId":"l85d4t9retl76if","timestamp":1714029775167,"id":"fiy767ci8ouflns","previousEventId":"ckq8c6iktqvvanu","previousOperationId":"l85d4t9retl76if"}
{"type":"operationStart","subtype":"recipe","name":"docx","timestamp":1714029775167,"id":"efrt6xc7tutin2b","previousEventId":"fiy767ci8ouflns","operationId":"vky6a1fdkconuva","previousOperationId":"l85d4t9retl76if"}
{"type":"log","timestamp":1714029775167,"level":"debug","message":"Executing recipe docx","meta":{"rootId":"7w5bahqzrs0hikm","id":"7w5bahqzrs0hikm"},"id":"ws5wvgtwxw2ggdz","previousOperationId":"vky6a1fdkconuva"}
{"type":"log","timestamp":1714029775168,"level":"info","message":"docx generation is starting","meta":{"rootId":"7w5bahqzrs0hikm","id":"7w5bahqzrs0hikm"},"id":"5fjwdt9xgfhh8m5","previousOperationId":"vky6a1fdkconuva"}
{"type":"log","timestamp":1714029775214,"level":"debug","message":"Starting child request to render docx dynamic parts","meta":{"rootId":"7w5bahqzrs0hikm","id":"7w5bahqzrs0hikm"},"id":"nzseab0wxmddeve","previousOperationId":"vky6a1fdkconuva"}
{"type":"operationStart","subtype":"render","name":"anonymous","previousOperationId":"vky6a1fdkconuva","timestamp":1714029775214,"id":"pkcni7ubbxj045a","previousEventId":"efrt6xc7tutin2b","operationId":"j9rzx3dy02cx8qh"}
{"type":"log","timestamp":1714029775214,"level":"info","message":"Starting rendering (child) request","meta":{"rootId":"7w5bahqzrs0hikm","id":"2ffogefry909vh1"},"id":"nzpplmejl3t5twd","previousOperationId":"j9rzx3dy02cx8qh"}
{"type":"log","timestamp":1714029775214,"level":"info","message":"Rendering anonymous template { recipe: html, engine: handlebars }","meta":{"rootId":"7w5bahqzrs0hikm","id":"2ffogefry909vh1"},"id":"mxbyate0zemyauk","previousOperationId":"j9rzx3dy02cx8qh"}
{"type":"log","timestamp":1714029775214,"level":"debug","message":"Inline data specified.","meta":{"rootId":"7w5bahqzrs0hikm","id":"2ffogefry909vh1"},"id":"98m4oo9eemf3psx","previousOperationId":"j9rzx3dy02cx8qh"}
{"type":"log","timestamp":1714029775216,"level":"debug","message":"Base url not specified, skipping its injection.","meta":{"rootId":"7w5bahqzrs0hikm","id":"2ffogefry909vh1"},"id":"fjhxe3sm441gywm","previousOperationId":"j9rzx3dy02cx8qh"}
{"type":"operationStart","subtype":"engine","name":"handlebars","timestamp":1714029775216,"id":"9auy4ivypcg2lxg","previousEventId":"pkcni7ubbxj045a","operationId":"t18p7cculonk8t4","previousOperationId":"j9rzx3dy02cx8qh"}
{"type":"log","timestamp":1714029775216,"level":"debug","message":"Rendering engine handlebars","meta":{"rootId":"7w5bahqzrs0hikm","id":"2ffogefry909vh1"},"id":"sjeo6y9iqg5coa0","previousOperationId":"t18p7cculonk8t4"}
{"type":"operationEnd","operationId":"t18p7cculonk8t4","timestamp":1714029775232,"id":"x7vyq4axi6r9vki","previousEventId":"9auy4ivypcg2lxg","previousOperationId":"t18p7cculonk8t4"}
{"type":"operationStart","subtype":"recipe","name":"html","timestamp":1714029775233,"id":"bwllbhvrwoy1rne","previousEventId":"x7vyq4axi6r9vki","operationId":"3chk7z6gku7gi0o","previousOperationId":"t18p7cculonk8t4"}
{"type":"log","timestamp":1714029775233,"level":"debug","message":"Executing recipe html","meta":{"rootId":"7w5bahqzrs0hikm","id":"2ffogefry909vh1"},"id":"28euosm7ehv7rxq","previousOperationId":"3chk7z6gku7gi0o"}
{"type":"operationEnd","operationId":"3chk7z6gku7gi0o","timestamp":1714029775233,"id":"2tr8c8kg7a0yppr","previousEventId":"bwllbhvrwoy1rne","previousOperationId":"3chk7z6gku7gi0o"}
{"type":"log","timestamp":1714029775233,"level":"debug","message":"Skipping storing report.","meta":{"rootId":"7w5bahqzrs0hikm","id":"2ffogefry909vh1"},"id":"e5rdagzopues5u0","previousOperationId":"3chk7z6gku7gi0o"}
{"type":"log","timestamp":1714029775233,"level":"info","message":"Rendering (child) request finished in 76 ms","meta":{"rootId":"7w5bahqzrs0hikm","id":"2ffogefry909vh1"},"id":"nz0dj2oq3e21c5t","previousOperationId":"3chk7z6gku7gi0o"}
{"type":"operationEnd","subtype":"render","operationId":"j9rzx3dy02cx8qh","timestamp":1714029775233,"id":"qs4cqkp3t7dja3a","previousEventId":"2tr8c8kg7a0yppr","previousOperationId":"3chk7z6gku7gi0o"}
{"type":"log","timestamp":1714029775270,"level":"debug","message":"docx successfully zipped","meta":{"rootId":"7w5bahqzrs0hikm","id":"7w5bahqzrs0hikm"},"id":"yevv4vi3yi8s07r","previousOperationId":"vky6a1fdkconuva"}
{"type":"log","timestamp":1714029775270,"level":"info","message":"docx generation was finished","meta":{"rootId":"7w5bahqzrs0hikm","id":"7w5bahqzrs0hikm"},"id":"e0mpxbqdycak8yo","previousOperationId":"vky6a1fdkconuva"}
{"type":"operationEnd","operationId":"vky6a1fdkconuva","timestamp":1714029775271,"id":"3mywz2v65mdw16h","previousEventId":"efrt6xc7tutin2b","previousOperationId":"vky6a1fdkconuva"}
{"type":"log","timestamp":1714029775271,"level":"debug","message":"Skipping storing report.","meta":{"rootId":"7w5bahqzrs0hikm","id":"7w5bahqzrs0hikm"},"id":"p6qro1yaog8icn5","previousOperationId":"vky6a1fdkconuva"}
{"type":"log","timestamp":1714029775271,"level":"info","message":"Rendering request 14 finished in 114 ms","meta":{"rootId":"7w5bahqzrs0hikm","id":"7w5bahqzrs0hikm"},"id":"go487dyjttqwgya","previousOperationId":"vky6a1fdkconuva"}
{"type":"operationEnd","subtype":"render","operationId":"b7cwatzu181gzfq","timestamp":1714029775271,"id":"79p4kzh9wpb0rdz","previousEventId":"3mywz2v65mdw16h","previousOperationId":"vky6a1fdkconuva"}
{"type":"operationEnd","doDiffs":false,"previousEventId":"vays3un52jk27iu","previousOperationId":"vrzxyoqu7f342l6","operationId":"vrzxyoqu7f342l6","timestamp":1714029775274,"id":"1ug4ed9l5ygm3or"}
