{"type":"operationStart","subtype":"profile","data":{"_id":"KBvAeMFx6i4FDcux","timestamp":"2024-04-25T07:18:38.499Z","state":"queued","mode":"standard","creationDate":"2024-04-25T07:18:38.500Z","modificationDate":"2024-04-25T07:18:38.500Z","shortid":"jIBVVPp","$entitySet":"profiles"},"doDiffs":false,"timestamp":1714029518499,"id":"vr5dm7scxknhzzb","previousOperationId":null,"operationId":"cnmy4extn7edx4j"}
{"type":"log","level":"info","message":"Render request 13 queued for execution and waiting for available worker","previousOperationId":"cnmy4extn7edx4j","timestamp":1714029518499,"id":"747q2xkhqpgpz2b"}
{"type":"operationStart","subtype":"render","name":"anonymous","previousOperationId":"cnmy4extn7edx4j","timestamp":1714029518504,"id":"t4ty6g8ivo6i7l4","previousEventId":"vr5dm7scxknhzzb","operationId":"ln8ekxwgt6n6y0p"}
{"type":"log","timestamp":1714029518504,"level":"info","message":"Starting rendering request 13","meta":{"rootId":"79iw35rmq5ntjb9","id":"79iw35rmq5ntjb9"},"id":"49o2kmztv9plnt3","previousOperationId":"ln8ekxwgt6n6y0p"}
{"type":"log","timestamp":1714029518504,"level":"info","message":"Rendering template { name: invoice, recipe: docx, engine: handlebars, preview: true }","meta":{"rootId":"79iw35rmq5ntjb9","id":"79iw35rmq5ntjb9"},"id":"3x73l1oxompzc8q","previousOperationId":"ln8ekxwgt6n6y0p"}
{"type":"log","timestamp":1714029518505,"level":"debug","message":"Adding sample data Bg55x2XUh","meta":{"rootId":"79iw35rmq5ntjb9","id":"79iw35rmq5ntjb9"},"id":"nceee9lzw18odu6","previousOperationId":"ln8ekxwgt6n6y0p"}
{"type":"log","timestamp":1714029518506,"level":"debug","message":"Base url not specified, skipping its injection.","meta":{"rootId":"79iw35rmq5ntjb9","id":"79iw35rmq5ntjb9"},"id":"rfnp4xgngppmxgt","previousOperationId":"ln8ekxwgt6n6y0p"}
{"type":"operationStart","subtype":"engine","name":"handlebars","timestamp":1714029518506,"id":"dsn2y3gol66hp0n","previousEventId":"t4ty6g8ivo6i7l4","operationId":"r19xp09vnkpjy59","previousOperationId":"ln8ekxwgt6n6y0p"}
{"type":"log","timestamp":1714029518506,"level":"debug","message":"Rendering engine handlebars","meta":{"rootId":"79iw35rmq5ntjb9","id":"79iw35rmq5ntjb9"},"id":"oqxo7005vlth4z0","previousOperationId":"r19xp09vnkpjy59"}
{"type":"operationEnd","operationId":"r19xp09vnkpjy59","timestamp":1714029518518,"id":"9p4cf62k3pir75o","previousEventId":"dsn2y3gol66hp0n","previousOperationId":"r19xp09vnkpjy59"}
{"type":"operationStart","subtype":"recipe","name":"docx","timestamp":1714029518518,"id":"g6kpnhwbylv25sc","previousEventId":"9p4cf62k3pir75o","operationId":"8rm5wcusgsg19v0","previousOperationId":"r19xp09vnkpjy59"}
{"type":"log","timestamp":1714029518518,"level":"debug","message":"Executing recipe docx","meta":{"rootId":"79iw35rmq5ntjb9","id":"79iw35rmq5ntjb9"},"id":"fio7u7os398ebws","previousOperationId":"8rm5wcusgsg19v0"}
{"type":"log","timestamp":1714029518593,"level":"info","message":"docx generation is starting","meta":{"rootId":"79iw35rmq5ntjb9","id":"79iw35rmq5ntjb9"},"id":"lcqe3cjg2c3ew6n","previousOperationId":"8rm5wcusgsg19v0"}
{"type":"log","timestamp":1714029518646,"level":"debug","message":"Starting child request to render docx dynamic parts","meta":{"rootId":"79iw35rmq5ntjb9","id":"79iw35rmq5ntjb9"},"id":"wczkhnn7bz7lfpx","previousOperationId":"8rm5wcusgsg19v0"}
{"type":"operationStart","subtype":"render","name":"anonymous","previousOperationId":"8rm5wcusgsg19v0","timestamp":1714029518646,"id":"qeat2sif8g6z9vj","previousEventId":"g6kpnhwbylv25sc","operationId":"rq9hnyzj3txm8qa"}
{"type":"log","timestamp":1714029518646,"level":"info","message":"Starting rendering (child) request","meta":{"rootId":"79iw35rmq5ntjb9","id":"62ru4p00s7r2ucf"},"id":"0r8n68rbufib1wl","previousOperationId":"rq9hnyzj3txm8qa"}
{"type":"log","timestamp":1714029518647,"level":"info","message":"Rendering anonymous template { recipe: html, engine: handlebars }","meta":{"rootId":"79iw35rmq5ntjb9","id":"62ru4p00s7r2ucf"},"id":"3nxtf20wnufqjs0","previousOperationId":"rq9hnyzj3txm8qa"}
{"type":"log","timestamp":1714029518647,"level":"debug","message":"Inline data specified.","meta":{"rootId":"79iw35rmq5ntjb9","id":"62ru4p00s7r2ucf"},"id":"fazoux6o16ycfhi","previousOperationId":"rq9hnyzj3txm8qa"}
{"type":"log","timestamp":1714029518648,"level":"debug","message":"Base url not specified, skipping its injection.","meta":{"rootId":"79iw35rmq5ntjb9","id":"62ru4p00s7r2ucf"},"id":"6dt7xh48onnpagb","previousOperationId":"rq9hnyzj3txm8qa"}
{"type":"operationStart","subtype":"engine","name":"handlebars","timestamp":1714029518649,"id":"ixpg7ol2cqfz97t","previousEventId":"qeat2sif8g6z9vj","operationId":"zdunrpxe4e4ovwt","previousOperationId":"rq9hnyzj3txm8qa"}
{"type":"log","timestamp":1714029518649,"level":"debug","message":"Rendering engine handlebars","meta":{"rootId":"79iw35rmq5ntjb9","id":"62ru4p00s7r2ucf"},"id":"6fbvaguc3vgxqap","previousOperationId":"zdunrpxe4e4ovwt"}
{"type":"operationEnd","operationId":"zdunrpxe4e4ovwt","timestamp":1714029518687,"id":"940sjn3pfqpeej1","previousEventId":"ixpg7ol2cqfz97t","previousOperationId":"zdunrpxe4e4ovwt"}
{"type":"operationStart","subtype":"recipe","name":"html","timestamp":1714029518688,"id":"kqlentm6j08unaw","previousEventId":"940sjn3pfqpeej1","operationId":"a844humsze03koz","previousOperationId":"zdunrpxe4e4ovwt"}
{"type":"log","timestamp":1714029518688,"level":"debug","message":"Executing recipe html","meta":{"rootId":"79iw35rmq5ntjb9","id":"62ru4p00s7r2ucf"},"id":"h1ris45q6z32ope","previousOperationId":"a844humsze03koz"}
{"type":"operationEnd","operationId":"a844humsze03koz","timestamp":1714029518688,"id":"7932eycx9957cwy","previousEventId":"kqlentm6j08unaw","previousOperationId":"a844humsze03koz"}
{"type":"log","timestamp":1714029518688,"level":"debug","message":"Skipping storing report.","meta":{"rootId":"79iw35rmq5ntjb9","id":"62ru4p00s7r2ucf"},"id":"95pxm4qikn4ajgc","previousOperationId":"a844humsze03koz"}
{"type":"log","timestamp":1714029518688,"level":"info","message":"Rendering (child) request finished in 189 ms","meta":{"rootId":"79iw35rmq5ntjb9","id":"62ru4p00s7r2ucf"},"id":"eyurg5xxi2r4g0h","previousOperationId":"a844humsze03koz"}
{"type":"operationEnd","subtype":"render","operationId":"rq9hnyzj3txm8qa","timestamp":1714029518688,"id":"hy2tph66t28mllz","previousEventId":"7932eycx9957cwy","previousOperationId":"a844humsze03koz"}
{"type":"log","timestamp":1714029518750,"level":"debug","message":"docx successfully zipped","meta":{"rootId":"79iw35rmq5ntjb9","id":"79iw35rmq5ntjb9"},"id":"27p2j599rkmqwcg","previousOperationId":"8rm5wcusgsg19v0"}
{"type":"log","timestamp":1714029518750,"level":"info","message":"docx generation was finished","meta":{"rootId":"79iw35rmq5ntjb9","id":"79iw35rmq5ntjb9"},"id":"x0a64pwbl58b8ne","previousOperationId":"8rm5wcusgsg19v0"}
{"type":"log","timestamp":1714029518750,"level":"debug","message":"preparing office preview","meta":{"rootId":"79iw35rmq5ntjb9","id":"79iw35rmq5ntjb9"},"id":"l7213cr1ap31j5o","previousOperationId":"8rm5wcusgsg19v0"}
{"type":"operationEnd","operationId":"8rm5wcusgsg19v0","timestamp":1714029519614,"id":"3cgpl0lsru4eazn","previousEventId":"g6kpnhwbylv25sc","previousOperationId":"8rm5wcusgsg19v0"}
{"type":"log","timestamp":1714029519614,"level":"debug","message":"Skipping storing report.","meta":{"rootId":"79iw35rmq5ntjb9","id":"79iw35rmq5ntjb9"},"id":"72tfq2s0gby97in","previousOperationId":"8rm5wcusgsg19v0"}
{"type":"log","timestamp":1714029519614,"level":"info","message":"Rendering request 13 finished in 1115 ms","meta":{"rootId":"79iw35rmq5ntjb9","id":"79iw35rmq5ntjb9"},"id":"0r4vy6kxk11cvqy","previousOperationId":"8rm5wcusgsg19v0"}
{"type":"operationEnd","subtype":"render","operationId":"ln8ekxwgt6n6y0p","timestamp":1714029519614,"id":"hgz13yj4ft4w1f7","previousEventId":"3cgpl0lsru4eazn","previousOperationId":"8rm5wcusgsg19v0"}
{"type":"operationEnd","doDiffs":false,"previousEventId":"vr5dm7scxknhzzb","previousOperationId":"cnmy4extn7edx4j","operationId":"cnmy4extn7edx4j","timestamp":1714029519617,"id":"0lk36m7i115vkj2"}
