{"type":"operationStart","subtype":"profile","data":{"_id":"PrxXEX3vqzsG4kxx","timestamp":"2024-04-25T06:57:39.107Z","state":"queued","mode":"standard","creationDate":"2024-04-25T06:57:39.108Z","modificationDate":"2024-04-25T06:57:39.108Z","shortid":"OTwXDMP","$entitySet":"profiles"},"doDiffs":false,"timestamp":1714028259108,"id":"igk7ictbg7c0be0","previousOperationId":null,"operationId":"llrpnusclnk9hls"}
{"type":"log","level":"info","message":"Render request 2 queued for execution and waiting for available worker","previousOperationId":"llrpnusclnk9hls","timestamp":1714028259108,"id":"bl44uy17v8ngru0"}
{"type":"operationStart","subtype":"render","name":"anonymous","previousOperationId":"llrpnusclnk9hls","timestamp":1714028259114,"id":"moj24rq8pldt72u","previousEventId":"igk7ictbg7c0be0","operationId":"qsu82gvzm63nxd8"}
{"type":"log","timestamp":1714028259114,"level":"info","message":"Starting rendering request 2","meta":{"rootId":"occn2ypchyye6n1","id":"occn2ypchyye6n1"},"id":"6ayafqlus83o42p","previousOperationId":"qsu82gvzm63nxd8"}
{"type":"log","timestamp":1714028259115,"level":"info","message":"Rendering template { name: demo-report, recipe: chrome-pdf, engine: handlebars, preview: true }","meta":{"rootId":"occn2ypchyye6n1","id":"occn2ypchyye6n1"},"id":"30muqf51qnxr11h","previousOperationId":"qsu82gvzm63nxd8"}
{"type":"log","timestamp":1714028259115,"level":"debug","message":"Inline data specified.","meta":{"rootId":"occn2ypchyye6n1","id":"occn2ypchyye6n1"},"id":"mujgljbeknn299y","previousOperationId":"qsu82gvzm63nxd8"}
{"type":"log","timestamp":1714028259116,"level":"debug","message":"Base url not specified, skipping its injection.","meta":{"rootId":"occn2ypchyye6n1","id":"occn2ypchyye6n1"},"id":"ft07ows2rz5iv7q","previousOperationId":"qsu82gvzm63nxd8"}
{"type":"operationStart","subtype":"engine","name":"handlebars","timestamp":1714028259117,"id":"xryf0ci6atzwyd1","previousEventId":"moj24rq8pldt72u","operationId":"7l9n76yo8bee66y","previousOperationId":"qsu82gvzm63nxd8"}
{"type":"log","timestamp":1714028259117,"level":"debug","message":"Rendering engine handlebars","meta":{"rootId":"occn2ypchyye6n1","id":"occn2ypchyye6n1"},"id":"7rgafr0hwwm4n49","previousOperationId":"7l9n76yo8bee66y"}
{"type":"operationEnd","operationId":"7l9n76yo8bee66y","timestamp":1714028259403,"id":"5jrs6avjopknrqh","previousEventId":"xryf0ci6atzwyd1","previousOperationId":"7l9n76yo8bee66y"}
{"type":"operationStart","subtype":"recipe","name":"chrome-pdf","timestamp":1714028259404,"id":"qup928a9c2m3y1k","previousEventId":"5jrs6avjopknrqh","operationId":"qvjrdowbrmi1lw4","previousOperationId":"7l9n76yo8bee66y"}
{"type":"log","timestamp":1714028259404,"level":"debug","message":"Executing recipe chrome-pdf","meta":{"rootId":"occn2ypchyye6n1","id":"occn2ypchyye6n1"},"id":"2swmdi7fi7qi1ni","previousOperationId":"qvjrdowbrmi1lw4"}
{"type":"log","timestamp":1714028259775,"level":"debug","message":"Converting with chrome Chrome/122.0.6261.111 using chrome-pool strategy","meta":{"rootId":"occn2ypchyye6n1","id":"occn2ypchyye6n1"},"id":"67dp2dqauwc1sdu","previousOperationId":"qvjrdowbrmi1lw4"}
{"type":"log","timestamp":1714028259806,"level":"debug","message":"Page request: GET (document) file:///tmp/jsreport/autocleanup/4c12ab6f-bbdb-43de-9caa-167576106750-chrome-pdf.html","meta":{"rootId":"occn2ypchyye6n1","id":"occn2ypchyye6n1"},"id":"d72x6cq838e2hcc","previousOperationId":"qvjrdowbrmi1lw4"}
{"type":"log","timestamp":1714028259815,"level":"debug","message":"Page request finished: GET (document) 200 file:///tmp/jsreport/autocleanup/4c12ab6f-bbdb-43de-9caa-167576106750-chrome-pdf.html","meta":{"rootId":"occn2ypchyye6n1","id":"occn2ypchyye6n1"},"id":"qui7cgwmsqgzjmi","previousOperationId":"qvjrdowbrmi1lw4"}
{"type":"log","timestamp":1714028259822,"level":"debug","message":"Running chrome with params {\"printBackground\":true,\"timeout\":59530,\"margin\":{}}","meta":{"rootId":"occn2ypchyye6n1","id":"occn2ypchyye6n1"},"id":"i8n6ma3mizu1phu","previousOperationId":"qvjrdowbrmi1lw4"}
{"type":"operationEnd","operationId":"qvjrdowbrmi1lw4","timestamp":1714028259849,"id":"8xohx8kuih5386z","previousEventId":"qup928a9c2m3y1k","previousOperationId":"qvjrdowbrmi1lw4"}
{"type":"log","timestamp":1714028259850,"level":"debug","message":"Skipping storing report.","meta":{"rootId":"occn2ypchyye6n1","id":"occn2ypchyye6n1"},"id":"g5aymi47bvq9pbw","previousOperationId":"qvjrdowbrmi1lw4"}
{"type":"log","timestamp":1714028259850,"level":"info","message":"Rendering request 2 finished in 743 ms","meta":{"rootId":"occn2ypchyye6n1","id":"occn2ypchyye6n1"},"id":"aqtccbaq2h080kk","previousOperationId":"qvjrdowbrmi1lw4"}
{"type":"operationEnd","subtype":"render","operationId":"qsu82gvzm63nxd8","timestamp":1714028259850,"id":"u5iqb2l08m4run6","previousEventId":"8xohx8kuih5386z","previousOperationId":"qvjrdowbrmi1lw4"}
{"type":"operationEnd","doDiffs":false,"previousEventId":"igk7ictbg7c0be0","previousOperationId":"llrpnusclnk9hls","operationId":"llrpnusclnk9hls","timestamp":1714028259854,"id":"cvbl60zyrdqqcz5"}
