{"type":"operationStart","subtype":"profile","data":{"_id":"iasRgokpAmyGQ6qJ","timestamp":"2024-04-25T06:57:22.983Z","state":"queued","mode":"standard","creationDate":"2024-04-25T06:57:22.985Z","modificationDate":"2024-04-25T06:57:22.985Z","shortid":"SfEQFyx","$entitySet":"profiles"},"doDiffs":false,"timestamp":1714028242984,"id":"onim9dwoca8ge4d","previousOperationId":null,"operationId":"fh9bt1px3frrcsv"}
{"type":"log","level":"info","message":"Render request 1 queued for execution and waiting for available worker","previousOperationId":"fh9bt1px3frrcsv","timestamp":1714028242984,"id":"8qrzapgphcqi8bf"}
{"type":"operationStart","subtype":"render","name":"anonymous","previousOperationId":"fh9bt1px3frrcsv","timestamp":1714028242993,"id":"jhldnc3hw7q9tau","previousEventId":"onim9dwoca8ge4d","operationId":"gv237i6t8zq6hsr"}
{"type":"log","timestamp":1714028242993,"level":"info","message":"Starting rendering request 1","meta":{"rootId":"p9f6xtjnevsxu7r","id":"p9f6xtjnevsxu7r"},"id":"29p18cxkzeu20yj","previousOperationId":"gv237i6t8zq6hsr"}
{"type":"log","timestamp":1714028242994,"level":"info","message":"Rendering template { name: demo-report, recipe: chrome-pdf, engine: handlebars, preview: true }","meta":{"rootId":"p9f6xtjnevsxu7r","id":"p9f6xtjnevsxu7r"},"id":"4dh4dxnkpxup4sg","previousOperationId":"gv237i6t8zq6hsr"}
{"type":"log","timestamp":1714028242994,"level":"debug","message":"Inline data specified.","meta":{"rootId":"p9f6xtjnevsxu7r","id":"p9f6xtjnevsxu7r"},"id":"u7gd4dkkvhejyr7","previousOperationId":"gv237i6t8zq6hsr"}
{"type":"log","timestamp":1714028242997,"level":"debug","message":"Base url not specified, skipping its injection.","meta":{"rootId":"p9f6xtjnevsxu7r","id":"p9f6xtjnevsxu7r"},"id":"6qvvylyzrfsqogv","previousOperationId":"gv237i6t8zq6hsr"}
{"type":"operationStart","subtype":"engine","name":"handlebars","timestamp":1714028242998,"id":"aqti34xg052mfv9","previousEventId":"jhldnc3hw7q9tau","operationId":"7u3fogl328xfh4v","previousOperationId":"gv237i6t8zq6hsr"}
{"type":"log","timestamp":1714028242998,"level":"debug","message":"Rendering engine handlebars","meta":{"rootId":"p9f6xtjnevsxu7r","id":"p9f6xtjnevsxu7r"},"id":"yol5b1jctka6l5w","previousOperationId":"7u3fogl328xfh4v"}
{"type":"operationEnd","operationId":"7u3fogl328xfh4v","timestamp":1714028243291,"id":"dbhrejec64bgz5z","previousEventId":"aqti34xg052mfv9","previousOperationId":"7u3fogl328xfh4v"}
{"type":"operationStart","subtype":"recipe","name":"chrome-pdf","timestamp":1714028243296,"id":"qshulnilo21sa72","previousEventId":"dbhrejec64bgz5z","operationId":"iaqh1zrw90j8vtc","previousOperationId":"7u3fogl328xfh4v"}
{"type":"log","timestamp":1714028243296,"level":"debug","message":"Executing recipe chrome-pdf","meta":{"rootId":"p9f6xtjnevsxu7r","id":"p9f6xtjnevsxu7r"},"id":"5j8hlbaekgw1reh","previousOperationId":"iaqh1zrw90j8vtc"}
{"type":"log","timestamp":1714028244001,"level":"debug","message":"Converting with chrome Chrome/122.0.6261.111 using chrome-pool strategy","meta":{"rootId":"p9f6xtjnevsxu7r","id":"p9f6xtjnevsxu7r"},"id":"ljuidfo6vpmagq1","previousOperationId":"iaqh1zrw90j8vtc"}
{"type":"log","timestamp":1714028244065,"level":"debug","message":"Page request: GET (document) file:///tmp/jsreport/autocleanup/d2f094c8-c70e-42da-abe4-0816f4400a47-chrome-pdf.html","meta":{"rootId":"p9f6xtjnevsxu7r","id":"p9f6xtjnevsxu7r"},"id":"4zm80mr4hwa8ioq","previousOperationId":"iaqh1zrw90j8vtc"}
{"type":"log","timestamp":1714028244084,"level":"debug","message":"Page request finished: GET (document) 200 file:///tmp/jsreport/autocleanup/d2f094c8-c70e-42da-abe4-0816f4400a47-chrome-pdf.html","meta":{"rootId":"p9f6xtjnevsxu7r","id":"p9f6xtjnevsxu7r"},"id":"5jz8apzho20raij","previousOperationId":"iaqh1zrw90j8vtc"}
{"type":"log","timestamp":1714028244091,"level":"debug","message":"Running chrome with params {\"printBackground\":true,\"timeout\":59522,\"margin\":{}}","meta":{"rootId":"p9f6xtjnevsxu7r","id":"p9f6xtjnevsxu7r"},"id":"fyehackrxn62uba","previousOperationId":"iaqh1zrw90j8vtc"}
{"type":"operationEnd","operationId":"iaqh1zrw90j8vtc","timestamp":1714028244137,"id":"8nwxjib6bgz2mnc","previousEventId":"qshulnilo21sa72","previousOperationId":"iaqh1zrw90j8vtc"}
{"type":"log","timestamp":1714028244137,"level":"debug","message":"Skipping storing report.","meta":{"rootId":"p9f6xtjnevsxu7r","id":"p9f6xtjnevsxu7r"},"id":"cb5948mbnbqgo9y","previousOperationId":"iaqh1zrw90j8vtc"}
{"type":"log","timestamp":1714028244137,"level":"info","message":"Rendering request 1 finished in 1155 ms","meta":{"rootId":"p9f6xtjnevsxu7r","id":"p9f6xtjnevsxu7r"},"id":"1ctu515fpwu7s62","previousOperationId":"iaqh1zrw90j8vtc"}
{"type":"operationEnd","subtype":"render","operationId":"gv237i6t8zq6hsr","timestamp":1714028244137,"id":"qz3l2jqhib9ju09","previousEventId":"8nwxjib6bgz2mnc","previousOperationId":"iaqh1zrw90j8vtc"}
{"type":"operationEnd","doDiffs":false,"previousEventId":"onim9dwoca8ge4d","previousOperationId":"fh9bt1px3frrcsv","operationId":"fh9bt1px3frrcsv","timestamp":1714028244142,"id":"xigluj7s70eudg3"}
