{"type":"operationStart","subtype":"profile","data":{"_id":"PnzsYUADDwP6ue6j","timestamp":"2024-04-25T07:17:45.962Z","state":"queued","mode":"standard","creationDate":"2024-04-25T07:17:45.963Z","modificationDate":"2024-04-25T07:17:45.963Z","shortid":"na2FzAQ","$entitySet":"profiles"},"doDiffs":false,"timestamp":1714029465962,"id":"634rfvvcr0d9p30","previousOperationId":null,"operationId":"tw2nujjv7vbgayr"}
{"type":"log","level":"info","message":"Render request 12 queued for execution and waiting for available worker","previousOperationId":"tw2nujjv7vbgayr","timestamp":1714029465962,"id":"ljrco8h0z4lg5lb"}
{"type":"operationStart","subtype":"render","name":"anonymous","previousOperationId":"tw2nujjv7vbgayr","timestamp":1714029465966,"id":"rek4dtlb5jbve3m","previousEventId":"634rfvvcr0d9p30","operationId":"1m3hjsf9wyrkv6v"}
{"type":"log","timestamp":1714029465966,"level":"info","message":"Starting rendering request 12","meta":{"rootId":"t7peulfduy2ktaa","id":"t7peulfduy2ktaa"},"id":"ks7byjdesdvgff7","previousOperationId":"1m3hjsf9wyrkv6v"}
{"type":"log","timestamp":1714029465966,"level":"info","message":"Rendering template { name: invoice, recipe: docx, engine: handlebars, preview: true }","meta":{"rootId":"t7peulfduy2ktaa","id":"t7peulfduy2ktaa"},"id":"4lbc93b2m635qpc","previousOperationId":"1m3hjsf9wyrkv6v"}
{"type":"log","timestamp":1714029465966,"level":"debug","message":"Inline data specified.","meta":{"rootId":"t7peulfduy2ktaa","id":"t7peulfduy2ktaa"},"id":"5fpfq42azya4fbz","previousOperationId":"1m3hjsf9wyrkv6v"}
{"type":"log","timestamp":1714029465967,"level":"debug","message":"Base url not specified, skipping its injection.","meta":{"rootId":"t7peulfduy2ktaa","id":"t7peulfduy2ktaa"},"id":"3wuhkdwqpsneuyb","previousOperationId":"1m3hjsf9wyrkv6v"}
{"type":"operationStart","subtype":"engine","name":"handlebars","timestamp":1714029465968,"id":"4m5v9ze5n2eru6r","previousEventId":"rek4dtlb5jbve3m","operationId":"quj8syvssel5sfi","previousOperationId":"1m3hjsf9wyrkv6v"}
{"type":"log","timestamp":1714029465968,"level":"debug","message":"Rendering engine handlebars","meta":{"rootId":"t7peulfduy2ktaa","id":"t7peulfduy2ktaa"},"id":"lly94cgnb2twtuj","previousOperationId":"quj8syvssel5sfi"}
{"type":"operationEnd","operationId":"quj8syvssel5sfi","timestamp":1714029465974,"id":"c97thppzw8s2a4a","previousEventId":"4m5v9ze5n2eru6r","previousOperationId":"quj8syvssel5sfi"}
{"type":"operationStart","subtype":"recipe","name":"docx","timestamp":1714029465974,"id":"mzqye1rkfv792sd","previousEventId":"c97thppzw8s2a4a","operationId":"82t689gl77ov9zp","previousOperationId":"quj8syvssel5sfi"}
{"type":"log","timestamp":1714029465974,"level":"debug","message":"Executing recipe docx","meta":{"rootId":"t7peulfduy2ktaa","id":"t7peulfduy2ktaa"},"id":"io2hq4ln66cezcz","previousOperationId":"82t689gl77ov9zp"}
{"type":"log","timestamp":1714029466076,"level":"info","message":"docx generation is starting","meta":{"rootId":"t7peulfduy2ktaa","id":"t7peulfduy2ktaa"},"id":"qwmk8ghpnz4nw6y","previousOperationId":"82t689gl77ov9zp"}
{"type":"log","timestamp":1714029466131,"level":"debug","message":"Starting child request to render docx dynamic parts","meta":{"rootId":"t7peulfduy2ktaa","id":"t7peulfduy2ktaa"},"id":"9dwjrgtbtv3u92u","previousOperationId":"82t689gl77ov9zp"}
{"type":"operationStart","subtype":"render","name":"anonymous","previousOperationId":"82t689gl77ov9zp","timestamp":1714029466132,"id":"5tv55kwro96tyw4","previousEventId":"mzqye1rkfv792sd","operationId":"6nc67a8voi74qng"}
{"type":"log","timestamp":1714029466132,"level":"info","message":"Starting rendering (child) request","meta":{"rootId":"t7peulfduy2ktaa","id":"wrdf53rf68nfuz4"},"id":"he34qijaxf1pil7","previousOperationId":"6nc67a8voi74qng"}
{"type":"log","timestamp":1714029466132,"level":"info","message":"Rendering anonymous template { recipe: html, engine: handlebars }","meta":{"rootId":"t7peulfduy2ktaa","id":"wrdf53rf68nfuz4"},"id":"pybm49fnycrmsa9","previousOperationId":"6nc67a8voi74qng"}
{"type":"log","timestamp":1714029466132,"level":"debug","message":"Inline data specified.","meta":{"rootId":"t7peulfduy2ktaa","id":"wrdf53rf68nfuz4"},"id":"ynd7jk4nqlhnqh4","previousOperationId":"6nc67a8voi74qng"}
{"type":"log","timestamp":1714029466132,"level":"debug","message":"Base url not specified, skipping its injection.","meta":{"rootId":"t7peulfduy2ktaa","id":"wrdf53rf68nfuz4"},"id":"1fg5naa1m5fjgu0","previousOperationId":"6nc67a8voi74qng"}
{"type":"operationStart","subtype":"engine","name":"handlebars","timestamp":1714029466133,"id":"k0hrgiz44nxnozt","previousEventId":"5tv55kwro96tyw4","operationId":"7ddfrkq8tsh4fbt","previousOperationId":"6nc67a8voi74qng"}
{"type":"log","timestamp":1714029466133,"level":"debug","message":"Rendering engine handlebars","meta":{"rootId":"t7peulfduy2ktaa","id":"wrdf53rf68nfuz4"},"id":"5hld9vmupuhszu8","previousOperationId":"7ddfrkq8tsh4fbt"}
{"type":"operationEnd","operationId":"7ddfrkq8tsh4fbt","timestamp":1714029466153,"id":"9djyiqw5b2c588w","previousEventId":"k0hrgiz44nxnozt","previousOperationId":"7ddfrkq8tsh4fbt"}
{"type":"operationStart","subtype":"recipe","name":"html","timestamp":1714029466154,"id":"oizek2ijtc838jz","previousEventId":"9djyiqw5b2c588w","operationId":"eqytz8zqf5axx2l","previousOperationId":"7ddfrkq8tsh4fbt"}
{"type":"log","timestamp":1714029466154,"level":"debug","message":"Executing recipe html","meta":{"rootId":"t7peulfduy2ktaa","id":"wrdf53rf68nfuz4"},"id":"cy1suwltwrn2z22","previousOperationId":"eqytz8zqf5axx2l"}
{"type":"operationEnd","operationId":"eqytz8zqf5axx2l","timestamp":1714029466154,"id":"1n6unzmo3ok7dff","previousEventId":"oizek2ijtc838jz","previousOperationId":"eqytz8zqf5axx2l"}
{"type":"log","timestamp":1714029466154,"level":"debug","message":"Skipping storing report.","meta":{"rootId":"t7peulfduy2ktaa","id":"wrdf53rf68nfuz4"},"id":"3a3a8xweqo2wfr8","previousOperationId":"eqytz8zqf5axx2l"}
{"type":"log","timestamp":1714029466154,"level":"info","message":"Rendering (child) request finished in 192 ms","meta":{"rootId":"t7peulfduy2ktaa","id":"wrdf53rf68nfuz4"},"id":"y6rvs1cjeb1jdoq","previousOperationId":"eqytz8zqf5axx2l"}
{"type":"operationEnd","subtype":"render","operationId":"6nc67a8voi74qng","timestamp":1714029466154,"id":"869fxdv0ecl3tvv","previousEventId":"1n6unzmo3ok7dff","previousOperationId":"eqytz8zqf5axx2l"}
{"type":"log","timestamp":1714029466250,"level":"debug","message":"docx successfully zipped","meta":{"rootId":"t7peulfduy2ktaa","id":"t7peulfduy2ktaa"},"id":"0giknmz3jn9kz62","previousOperationId":"82t689gl77ov9zp"}
{"type":"log","timestamp":1714029466250,"level":"info","message":"docx generation was finished","meta":{"rootId":"t7peulfduy2ktaa","id":"t7peulfduy2ktaa"},"id":"0zfq57uyayhdmlh","previousOperationId":"82t689gl77ov9zp"}
{"type":"log","timestamp":1714029466251,"level":"debug","message":"preparing office preview","meta":{"rootId":"t7peulfduy2ktaa","id":"t7peulfduy2ktaa"},"id":"71sexf4flhooi6u","previousOperationId":"82t689gl77ov9zp"}
{"type":"operationEnd","operationId":"82t689gl77ov9zp","timestamp":1714029467136,"id":"9zadbqpu1fcm7ym","previousEventId":"mzqye1rkfv792sd","previousOperationId":"82t689gl77ov9zp"}
{"type":"log","timestamp":1714029467136,"level":"debug","message":"Skipping storing report.","meta":{"rootId":"t7peulfduy2ktaa","id":"t7peulfduy2ktaa"},"id":"pkw4bs5dfu4jpbr","previousOperationId":"82t689gl77ov9zp"}
{"type":"log","timestamp":1714029467136,"level":"info","message":"Rendering request 12 finished in 1174 ms","meta":{"rootId":"t7peulfduy2ktaa","id":"t7peulfduy2ktaa"},"id":"ib3aeu1wxqnsmfq","previousOperationId":"82t689gl77ov9zp"}
{"type":"operationEnd","subtype":"render","operationId":"1m3hjsf9wyrkv6v","timestamp":1714029467136,"id":"kg7vat5kx4csjvu","previousEventId":"9zadbqpu1fcm7ym","previousOperationId":"82t689gl77ov9zp"}
{"type":"operationEnd","doDiffs":false,"previousEventId":"634rfvvcr0d9p30","previousOperationId":"tw2nujjv7vbgayr","operationId":"tw2nujjv7vbgayr","timestamp":1714029467140,"id":"mi01dl50ckwthck"}
